<?xml version="1.0" encoding="UTF-8"?>
<robot generator="Robot 7.0 (Python 3.12.1 on win32)" generated="2024-06-28T17:49:38.181385" rpa="false" schemaversion="5">
<suite id="s1" name="Testcase" source="D:\Softwares\Pycharm\RobotFramework\SR_Automation\SR_Automation\Regression Testing\tests\testcase.robot">
<test id="s1-t1" name="Cyber Test Case" line="84">
<kw name="Open the Browser" owner="Common" type="SETUP">
<kw name="New Browser" owner="Browser">
<msg time="2024-06-28T17:49:40.407385" level="INFO">{"browser": "chromium", "headless": false, "args": ["--start-maximized"], "chromiumSandbox": false, "devtools": false, "handleSIGHUP": true, "handleSIGINT": true, "handleSIGTERM": true, "slowMo": 0.0, "timeout": 30000.0, "tracesDir": "D:\\Softwares\\Pycharm\\RobotFramework\\SR_Automation\\SR_Automation\\Regression Testing\\results\\browser\\traces\\11fde4a7-a291-45b5-875a-e054a49b5899"}</msg>
<msg time="2024-06-28T17:49:40.857489" level="INFO">Successfully created browser with options: {"browser":"chromium","headless":false,"args":["--start-maximized"],"chromiumSandbox":false,"devtools":false,"handleSIGHUP":true,"handleSIGINT":true,"handleSIGTERM":true,"slowMo":0,"timeout":30000,"tracesDir":"D:\\Softwares\\Pycharm\\RobotFramework\\SR_Automation\\SR_Automation\\Regression Testing\\results\\browser\\traces\\11fde4a7-a291-45b5-875a-e054a49b5899"}</msg>
<arg>browser=${Browser}</arg>
<arg>headless=${Headless}</arg>
<arg>args=["--start-maximized"]</arg>
<tag>BrowserControl</tag>
<tag>Setter</tag>
<doc>Create a new playwright Browser with specified options.</doc>
<status status="PASS" start="2024-06-28T17:49:40.407385" elapsed="0.450104"/>
</kw>
<kw name="New Context" owner="Browser">
<msg time="2024-06-28T17:49:40.857489" level="INFO">{
  "acceptDownloads": true,
  "bypassCSP": false,
  "forcedColors": "none",
  "ignoreHTTPSErrors": false,
  "javaScriptEnabled": true,
  "offline": false,
  "reducedMotion": "no-preference",
  "serviceWorkers": "allow",
  "viewport": null
}</msg>
<msg time="2024-06-28T17:49:40.907886" level="INFO">Successfully created context. </msg>
<msg time="2024-06-28T17:49:40.907886" level="INFO">{'acceptDownloads': True, 'bypassCSP': False, 'forcedColors': 'none', 'ignoreHTTPSErrors': False, 'javaScriptEnabled': True, 'offline': False, 'reducedMotion': 'no-preference', 'serviceWorkers': 'allow', 'viewport': None}</msg>
<arg>viewport=${None}</arg>
<tag>BrowserControl</tag>
<tag>Setter</tag>
<doc>Create a new BrowserContext with specified options.</doc>
<status status="PASS" start="2024-06-28T17:49:40.857489" elapsed="0.050397"/>
</kw>
<status status="PASS" start="2024-06-28T17:49:40.407385" elapsed="0.500501"/>
</kw>
<kw name="Given SquareRiskPortal.Navigate to SquareRisk Agent Portal" owner="SquareRiskPortal">
<kw name="Navigate to SquareRisk Agent Home page" owner="SR_Login_Page">
<kw name="New Page" owner="Browser">
<msg time="2024-06-28T17:49:43.760307" level="INFO">Successfully initialized new page object and opened url: https://uat.squarerisk.net/login</msg>
<msg time="2024-06-28T17:49:43.760307" level="DEBUG">Video is not enabled.</msg>
<arg>url=${URLs.${ENV}_Agent}</arg>
<tag>BrowserControl</tag>
<tag>Setter</tag>
<doc>Open a new Page.</doc>
<status status="PASS" start="2024-06-28T17:49:40.920399" elapsed="2.839908"/>
</kw>
<status status="PASS" start="2024-06-28T17:49:40.920399" elapsed="2.839908"/>
</kw>
<kw name="Verify Page loaded" owner="SR_Login_Page">
<kw name="Wait For Elements State" owner="Browser">
<msg time="2024-06-28T17:49:43.810565" level="INFO">Waited for Element with selector xpath=(//img[@alt='Square Risk Logo']) at state visible</msg>
<arg>${SR_img}</arg>
<tag>PageContent</tag>
<tag>Wait</tag>
<doc>Waits for the element found by ``selector`` to satisfy state option.</doc>
<status status="PASS" start="2024-06-28T17:49:43.760307" elapsed="0.050258"/>
</kw>
<status status="PASS" start="2024-06-28T17:49:43.760307" elapsed="0.050258"/>
</kw>
<status status="PASS" start="2024-06-28T17:49:40.920399" elapsed="2.890166"/>
</kw>
<kw name="When Common.Get Email and Password of" owner="Common">
<kw name="Get Credentials" owner="Common">
<kw name="Run Keyword If" owner="BuiltIn">
<kw name="Get Agent Email" owner="Common">
<if>
<branch type="IF" condition="'${ENV}' == 'UAT'">
<kw name="Set Variable" owner="BuiltIn">
<msg time="2024-06-28T17:49:43.825438" level="INFO">${userID} = uditbhati1305+1@gmail.com</msg>
<var>${userID}</var>
<arg>${UserCredentials.agent_email_UAT}</arg>
<doc>Returns the given values which can then be assigned to a variables.</doc>
<status status="PASS" start="2024-06-28T17:49:43.821439" elapsed="0.003999"/>
</kw>
<status status="PASS" start="2024-06-28T17:49:43.820447" elapsed="0.004991"/>
</branch>
<branch type="ELSE">
<kw name="Set Variable" owner="BuiltIn">
<var>${userID}</var>
<arg>${UserCredentials.agent_email_DEV}</arg>
<doc>Returns the given values which can then be assigned to a variables.</doc>
<status status="NOT RUN" start="2024-06-28T17:49:43.826435" elapsed="0.000000"/>
</kw>
<status status="NOT RUN" start="2024-06-28T17:49:43.826435" elapsed="0.000000"/>
</branch>
<status status="PASS" start="2024-06-28T17:49:43.820447" elapsed="0.005988"/>
</if>
<return>
<value>${userID}</value>
<status status="PASS" start="2024-06-28T17:49:43.826435" elapsed="0.000000"/>
</return>
<status status="PASS" start="2024-06-28T17:49:43.819427" elapsed="0.007008"/>
</kw>
<msg time="2024-06-28T17:49:43.827437" level="INFO">${email} = uditbhati1305+1@gmail.com</msg>
<var>${email}</var>
<arg>'${role}' == 'Agent'</arg>
<arg>Get Agent Email</arg>
<arg>ELSE</arg>
<arg>Get Admin Email</arg>
<doc>Runs the given keyword with the given arguments, if ``condition`` is true.</doc>
<status status="PASS" start="2024-06-28T17:49:43.810565" elapsed="0.016872"/>
</kw>
<kw name="Run Keyword If" owner="BuiltIn">
<kw name="Get Agent Password" owner="Common">
<if>
<branch type="IF" condition="'${ENV}' == 'UAT'">
<kw name="Set Variable" owner="BuiltIn">
<msg time="2024-06-28T17:49:43.831437" level="INFO">${password} = SquareRisk#12</msg>
<var>${password}</var>
<arg>${UserCredentials.agent_password_UAT}</arg>
<doc>Returns the given values which can then be assigned to a variables.</doc>
<status status="PASS" start="2024-06-28T17:49:43.828437" elapsed="0.003000"/>
</kw>
<status status="PASS" start="2024-06-28T17:49:43.828437" elapsed="0.003000"/>
</branch>
<branch type="ELSE">
<kw name="Set Variable" owner="BuiltIn">
<var>${password}</var>
<arg>${UserCredentials.agent_password_DEV}</arg>
<doc>Returns the given values which can then be assigned to a variables.</doc>
<status status="NOT RUN" start="2024-06-28T17:49:43.831437" elapsed="0.000000"/>
</kw>
<status status="NOT RUN" start="2024-06-28T17:49:43.831437" elapsed="0.000000"/>
</branch>
<status status="PASS" start="2024-06-28T17:49:43.828437" elapsed="0.004001"/>
</if>
<return>
<value>${password}</value>
<status status="PASS" start="2024-06-28T17:49:43.832438" elapsed="0.000000"/>
</return>
<status status="PASS" start="2024-06-28T17:49:43.828437" elapsed="0.004001"/>
</kw>
<msg time="2024-06-28T17:49:43.832438" level="INFO">${password} = SquareRisk#12</msg>
<var>${password}</var>
<arg>'${role}' == 'Agent'</arg>
<arg>Get Agent Password</arg>
<arg>ELSE</arg>
<arg>Get Admin Password</arg>
<doc>Runs the given keyword with the given arguments, if ``condition`` is true.</doc>
<status status="PASS" start="2024-06-28T17:49:43.827437" elapsed="0.005001"/>
</kw>
<return>
<value>${email}</value>
<value>${password}</value>
<status status="PASS" start="2024-06-28T17:49:43.832438" elapsed="0.000000"/>
</return>
<msg time="2024-06-28T17:49:43.832438" level="INFO">${email} = uditbhati1305+1@gmail.com</msg>
<msg time="2024-06-28T17:49:43.833446" level="INFO">${password} = SquareRisk#12</msg>
<var>${email}</var>
<var>${password}</var>
<arg>${role}</arg>
<status status="PASS" start="2024-06-28T17:49:43.810565" elapsed="0.022881"/>
</kw>
<kw name="Set Global Variable" owner="BuiltIn">
<msg time="2024-06-28T17:49:43.835449" level="INFO">${email} = uditbhati1305+1@gmail.com</msg>
<arg>${email}</arg>
<doc>Makes a variable available globally in all tests and suites.</doc>
<status status="PASS" start="2024-06-28T17:49:43.834461" elapsed="0.000988"/>
</kw>
<kw name="Set Global Variable" owner="BuiltIn">
<msg time="2024-06-28T17:49:43.837469" level="INFO">${password} = SquareRisk#12</msg>
<arg>${password}</arg>
<doc>Makes a variable available globally in all tests and suites.</doc>
<status status="PASS" start="2024-06-28T17:49:43.836462" elapsed="0.001007"/>
</kw>
<arg>Agent</arg>
<status status="PASS" start="2024-06-28T17:49:43.810565" elapsed="0.026904"/>
</kw>
<kw name="And Common.Get Dummy Data" owner="Common">
<kw name="Get Current Date" owner="Common">
<kw name="Get Current Day" owner="SrCustomLib">
<msg time="2024-06-28T17:49:43.884920" level="INFO">Next Date is: 06/28/2024</msg>
<msg time="2024-06-28T17:49:43.884920" level="INFO">${current_day_date} = 06/28/2024</msg>
<var>${current_day_date}</var>
<doc>Get the current day's date in MM/DD/YYYY format.</doc>
<status status="PASS" start="2024-06-28T17:49:43.839696" elapsed="0.045224"/>
</kw>
<return>
<value>${current_day_date}</value>
<status status="PASS" start="2024-06-28T17:49:43.884920" elapsed="0.000000"/>
</return>
<msg time="2024-06-28T17:49:43.884920" level="INFO">${Today's_Date} = 06/28/2024</msg>
<var>${Today's_Date}</var>
<status status="PASS" start="2024-06-28T17:49:43.839696" elapsed="0.045224"/>
</kw>
<kw name="Get Next Date" owner="Common">
<kw name="Get Next Day" owner="SrCustomLib">
<msg time="2024-06-28T17:49:43.884920" level="INFO">Next Date is: 06/29/2024</msg>
<msg time="2024-06-28T17:49:43.884920" level="INFO">${next_day_date} = 06/29/2024</msg>
<var>${next_day_date}</var>
<doc>Get the next day's date in MM/DD/YYYY format.</doc>
<status status="PASS" start="2024-06-28T17:49:43.884920" elapsed="0.000000"/>
</kw>
<return>
<value>${next_day_date}</value>
<status status="PASS" start="2024-06-28T17:49:43.884920" elapsed="0.000000"/>
</return>
<msg time="2024-06-28T17:49:43.899899" level="INFO">${Tommorrow's_Date} = 06/29/2024</msg>
<var>${Tommorrow's_Date}</var>
<status status="PASS" start="2024-06-28T17:49:43.884920" elapsed="0.014979"/>
</kw>
<kw name="Get Random Company Name" owner="Common">
<kw name="Generate Random Company Name" owner="SrCustomLib">
<msg time="2024-06-28T17:49:43.900987" level="INFO">Generated fake Company Name: Randolph, Hill and Doyle</msg>
<msg time="2024-06-28T17:49:43.900987" level="INFO">${company_name} = Randolph, Hill and Doyle</msg>
<var>${company_name}</var>
<doc>Generates a fake Company Name.</doc>
<status status="PASS" start="2024-06-28T17:49:43.899899" elapsed="0.001088"/>
</kw>
<return>
<value>${company_name}</value>
<status status="PASS" start="2024-06-28T17:49:43.900987" elapsed="0.000000"/>
</return>
<msg time="2024-06-28T17:49:43.900987" level="INFO">${Comp_Name} = Randolph, Hill and Doyle</msg>
<var>${Comp_Name}</var>
<status status="PASS" start="2024-06-28T17:49:43.899899" elapsed="0.001088"/>
</kw>
<kw name="Get Random Address String By State" owner="Common">
<kw name="Generate Random Us Address String By State" owner="SrCustomLib">
<msg time="2024-06-28T17:49:43.918171" level="INFO">Generated fake US address: 89 Plaistow Road, , Haverhill, MA, 01830</msg>
<msg time="2024-06-28T17:49:43.918171" level="INFO">${address} = 89 Plaistow Road, , Haverhill, MA, 01830</msg>
<var>${address}</var>
<arg>${state}</arg>
<doc>Generates a fake US address.</doc>
<status status="PASS" start="2024-06-28T17:49:43.902073" elapsed="0.016098"/>
</kw>
<return>
<value>${address}</value>
<status status="PASS" start="2024-06-28T17:49:43.918171" elapsed="0.000000"/>
</return>
<msg time="2024-06-28T17:49:43.918171" level="INFO">${Google_Addr} = 89 Plaistow Road, , Haverhill, MA, 01830</msg>
<var>${Google_Addr}</var>
<arg>${state}</arg>
<status status="PASS" start="2024-06-28T17:49:43.900987" elapsed="0.017184"/>
</kw>
<kw name="Get Random Address by State" owner="Common">
<kw name="Generate Random Us Address By State" owner="SrCustomLib">
<msg time="2024-06-28T17:49:43.935047" level="INFO">${address1} = 464 Springfield Street</msg>
<msg time="2024-06-28T17:49:43.935047" level="INFO">${address2} = </msg>
<msg time="2024-06-28T17:49:43.935047" level="INFO">${city} = Wilbraham</msg>
<msg time="2024-06-28T17:49:43.935047" level="INFO">${state} = MA</msg>
<msg time="2024-06-28T17:49:43.935047" level="INFO">${postal_code} = 01095</msg>
<var>${address1}</var>
<var>${address2}</var>
<var>${city}</var>
<var>${state}</var>
<var>${postal_code}</var>
<arg>${state}</arg>
<doc>Generate a fake US address</doc>
<status status="PASS" start="2024-06-28T17:49:43.918171" elapsed="0.016876"/>
</kw>
<return>
<value>${address1}</value>
<value>${address2}</value>
<value>${city}</value>
<value>${state}</value>
<value>${postal_code}</value>
<status status="PASS" start="2024-06-28T17:49:43.935047" elapsed="0.000000"/>
</return>
<msg time="2024-06-28T17:49:43.935047" level="INFO">${address1} = 464 Springfield Street</msg>
<msg time="2024-06-28T17:49:43.935047" level="INFO">${address2} = </msg>
<msg time="2024-06-28T17:49:43.935047" level="INFO">${city} = Wilbraham</msg>
<msg time="2024-06-28T17:49:43.935047" level="INFO">${state} = MA</msg>
<msg time="2024-06-28T17:49:43.935047" level="INFO">${postal_code} = 01095</msg>
<var>${address1}</var>
<var>${address2}</var>
<var>${city}</var>
<var>${state}</var>
<var>${postal_code}</var>
<arg>${state}</arg>
<status status="PASS" start="2024-06-28T17:49:43.918171" elapsed="0.016876"/>
</kw>
<kw name="Get Fake First &amp; Last Name" owner="Common">
<kw name="Generate Fake First And Last Name" owner="SrCustomLib">
<msg time="2024-06-28T17:49:43.935047" level="INFO">${First_name} = Jeremy</msg>
<msg time="2024-06-28T17:49:43.935047" level="INFO">${Last_Name} = Norman</msg>
<var>${First_name}</var>
<var>${Last_Name}</var>
<status status="PASS" start="2024-06-28T17:49:43.935047" elapsed="0.000000"/>
</kw>
<return>
<value>${First_name}</value>
<value>${Last_Name}</value>
<status status="PASS" start="2024-06-28T17:49:43.935047" elapsed="0.000000"/>
</return>
<msg time="2024-06-28T17:49:43.935047" level="INFO">${fname} = Jeremy</msg>
<msg time="2024-06-28T17:49:43.935047" level="INFO">${lname} = Norman</msg>
<var>${fname}</var>
<var>${lname}</var>
<status status="PASS" start="2024-06-28T17:49:43.935047" elapsed="0.000000"/>
</kw>
<kw name="Get Bank Routing Number" owner="Common">
<kw name="Generate Bank Routing Number" owner="SrCustomLib">
<msg time="2024-06-28T17:49:43.935047" level="INFO">${bank_routing_number} = 116127000</msg>
<var>${bank_routing_number}</var>
<status status="PASS" start="2024-06-28T17:49:43.935047" elapsed="0.000000"/>
</kw>
<return>
<value>${bank_routing_number}</value>
<status status="PASS" start="2024-06-28T17:49:43.935047" elapsed="0.000000"/>
</return>
<msg time="2024-06-28T17:49:43.935047" level="INFO">${Routing_Number} = 116127000</msg>
<var>${Routing_Number}</var>
<status status="PASS" start="2024-06-28T17:49:43.935047" elapsed="0.000000"/>
</kw>
<kw name="Get Fake Email" owner="Common">
<kw name="Generate Fake Email" owner="SrCustomLib">
<msg time="2024-06-28T17:49:43.935047" level="INFO">${Email} = joeloconnor@example.org</msg>
<var>${Email}</var>
<status status="PASS" start="2024-06-28T17:49:43.935047" elapsed="0.000000"/>
</kw>
<return>
<value>${Email}</value>
<status status="PASS" start="2024-06-28T17:49:43.935047" elapsed="0.000000"/>
</return>
<msg time="2024-06-28T17:49:43.935047" level="INFO">${Email_Addr} = joeloconnor@example.org</msg>
<var>${Email_Addr}</var>
<status status="PASS" start="2024-06-28T17:49:43.935047" elapsed="0.000000"/>
</kw>
<kw name="Set Global Variable" owner="BuiltIn">
<msg time="2024-06-28T17:49:43.935047" level="INFO">${Effective_Date_Today} = 06/28/2024</msg>
<arg>${Effective_Date_Today}</arg>
<arg>${Today's_Date}</arg>
<doc>Makes a variable available globally in all tests and suites.</doc>
<status status="PASS" start="2024-06-28T17:49:43.935047" elapsed="0.000000"/>
</kw>
<kw name="Set Global Variable" owner="BuiltIn">
<msg time="2024-06-28T17:49:43.949898" level="INFO">${Effective_Date_Tomorrow} = 06/29/2024</msg>
<arg>${Effective_Date_Tomorrow}</arg>
<arg>${Tommorrow's_Date}</arg>
<doc>Makes a variable available globally in all tests and suites.</doc>
<status status="PASS" start="2024-06-28T17:49:43.935047" elapsed="0.014851"/>
</kw>
<kw name="Set Global Variable" owner="BuiltIn">
<msg time="2024-06-28T17:49:43.953364" level="INFO">${Company_name} = Randolph, Hill and Doyle</msg>
<arg>${Company_name}</arg>
<arg>${Comp_Name}</arg>
<doc>Makes a variable available globally in all tests and suites.</doc>
<status status="PASS" start="2024-06-28T17:49:43.950280" elapsed="0.003084"/>
</kw>
<kw name="Set Global Variable" owner="BuiltIn">
<msg time="2024-06-28T17:49:43.956367" level="INFO">${Google_Address} = 89 Plaistow Road, , Haverhill, MA, 01830</msg>
<arg>${Google_Address}</arg>
<arg>${Google_Addr}</arg>
<doc>Makes a variable available globally in all tests and suites.</doc>
<status status="PASS" start="2024-06-28T17:49:43.953364" elapsed="0.004001"/>
</kw>
<kw name="Set Global Variable" owner="BuiltIn">
<msg time="2024-06-28T17:49:43.960361" level="INFO">${AddrL1} = 464 Springfield Street</msg>
<arg>${AddrL1}</arg>
<arg>${address1}</arg>
<doc>Makes a variable available globally in all tests and suites.</doc>
<status status="PASS" start="2024-06-28T17:49:43.957365" elapsed="0.002996"/>
</kw>
<kw name="Set Global Variable" owner="BuiltIn">
<msg time="2024-06-28T17:49:43.963366" level="INFO">${AddrL2} = </msg>
<arg>${AddrL2}</arg>
<arg>${address2}</arg>
<doc>Makes a variable available globally in all tests and suites.</doc>
<status status="PASS" start="2024-06-28T17:49:43.960361" elapsed="0.003005"/>
</kw>
<kw name="Set Global Variable" owner="BuiltIn">
<msg time="2024-06-28T17:49:43.963366" level="INFO">${City} = Wilbraham</msg>
<arg>${City}</arg>
<arg>${city}</arg>
<doc>Makes a variable available globally in all tests and suites.</doc>
<status status="PASS" start="2024-06-28T17:49:43.963366" elapsed="0.000000"/>
</kw>
<kw name="Set Global Variable" owner="BuiltIn">
<msg time="2024-06-28T17:49:43.963366" level="INFO">${State} = MA</msg>
<arg>${State}</arg>
<arg>${state}</arg>
<doc>Makes a variable available globally in all tests and suites.</doc>
<status status="PASS" start="2024-06-28T17:49:43.963366" elapsed="0.001001"/>
</kw>
<kw name="Set Global Variable" owner="BuiltIn">
<msg time="2024-06-28T17:49:43.967683" level="INFO">${Zip} = 01095</msg>
<arg>${Zip}</arg>
<arg>${postal_code}</arg>
<doc>Makes a variable available globally in all tests and suites.</doc>
<status status="PASS" start="2024-06-28T17:49:43.964367" elapsed="0.003316"/>
</kw>
<kw name="Set Global Variable" owner="BuiltIn">
<msg time="2024-06-28T17:49:43.971759" level="INFO">${First_name} = Jeremy</msg>
<arg>${First_name}</arg>
<arg>${fname}</arg>
<doc>Makes a variable available globally in all tests and suites.</doc>
<status status="PASS" start="2024-06-28T17:49:43.967683" elapsed="0.004076"/>
</kw>
<kw name="Set Global Variable" owner="BuiltIn">
<msg time="2024-06-28T17:49:43.974766" level="INFO">${Last_Name} = Norman</msg>
<arg>${Last_Name}</arg>
<arg>${lname}</arg>
<doc>Makes a variable available globally in all tests and suites.</doc>
<status status="PASS" start="2024-06-28T17:49:43.971759" elapsed="0.003007"/>
</kw>
<kw name="Set Global Variable" owner="BuiltIn">
<msg time="2024-06-28T17:49:43.978732" level="INFO">${Bank_Route_Number} = 116127000</msg>
<arg>${Bank_Route_Number}</arg>
<arg>${Routing_Number}</arg>
<doc>Makes a variable available globally in all tests and suites.</doc>
<status status="PASS" start="2024-06-28T17:49:43.974766" elapsed="0.003966"/>
</kw>
<kw name="Set Global Variable" owner="BuiltIn">
<msg time="2024-06-28T17:49:43.981759" level="INFO">${Email_Address} = joeloconnor@example.org</msg>
<arg>${Email_Address}</arg>
<arg>${Email_Addr}</arg>
<doc>Makes a variable available globally in all tests and suites.</doc>
<status status="PASS" start="2024-06-28T17:49:43.978732" elapsed="0.003027"/>
</kw>
<kw name="Set Global Variable" owner="BuiltIn">
<msg time="2024-06-28T17:49:43.997727" level="INFO">${State_Abbr} = Massachusetts</msg>
<arg>${State_Abbr}</arg>
<arg>${US_States.${state}}</arg>
<doc>Makes a variable available globally in all tests and suites.</doc>
<status status="PASS" start="2024-06-28T17:49:43.982768" elapsed="0.014959"/>
</kw>
<arg>MA</arg>
<status status="PASS" start="2024-06-28T17:49:43.839696" elapsed="0.158031"/>
</kw>
<kw name="Then SquareRiskPortal.Perform Login by providing Email &amp; Password" owner="SquareRiskPortal">
<kw name="Provide Email &amp; Password" owner="SR_Login_Page">
<kw name="Wait For Elements State" owner="Browser">
<msg time="2024-06-28T17:49:44.012790" level="INFO">Waited for Element with selector css=input[name="email"] at state visible</msg>
<arg>${Email_CSSID}</arg>
<tag>PageContent</tag>
<tag>Wait</tag>
<doc>Waits for the element found by ``selector`` to satisfy state option.</doc>
<status status="PASS" start="2024-06-28T17:49:43.999915" elapsed="0.012875"/>
</kw>
<kw name="Input Email into the Email field" owner="SR_Login_Page">
<kw name="Fill Text" owner="Browser">
<msg time="2024-06-28T17:49:44.013827" level="INFO">Fills the text 'uditbhati1305+1@gmail.com' in the given field.</msg>
<msg time="2024-06-28T17:49:44.053010" level="DEBUG">Fill text uditbhati1305+1@gmail.com on xpath=//input[@name='email'] with force: false</msg>
<arg>${Email_Id}</arg>
<arg>${email}</arg>
<tag>PageContent</tag>
<tag>Setter</tag>
<doc>Clears and fills the given ``txt`` into the text field found by ``selector``.</doc>
<status status="PASS" start="2024-06-28T17:49:44.012790" elapsed="0.041226"/>
</kw>
<arg>${email}</arg>
<status status="PASS" start="2024-06-28T17:49:44.012790" elapsed="0.041226"/>
</kw>
<kw name="Input Password into the Password field" owner="SR_Login_Page">
<kw name="Fill Secret" owner="Browser">
<arg>${password_Id}</arg>
<arg>$password</arg>
<tag>PageContent</tag>
<tag>Setter</tag>
<doc>Fills the given secret from ``variable_name`` into the
text field found by ``selector``.</doc>
<status status="PASS" start="2024-06-28T17:49:44.055026" elapsed="0.046318"/>
</kw>
<arg>${password}</arg>
<status status="PASS" start="2024-06-28T17:49:44.054016" elapsed="0.047328"/>
</kw>
<arg>${email}</arg>
<arg>${password}</arg>
<status status="PASS" start="2024-06-28T17:49:43.999727" elapsed="0.101617"/>
</kw>
<arg>${email}</arg>
<arg>${Password}</arg>
<status status="PASS" start="2024-06-28T17:49:43.998727" elapsed="0.102617"/>
</kw>
<kw name="And SquareRiskPortal.Click &quot;Login&quot; Button and Verify the user navigated the Home Page" owner="SquareRiskPortal">
<kw name="Click on &quot;Login&quot; Button" owner="SquareRiskPortal">
<kw name="Click on Sign In Button" owner="SR_Login_Page">
<kw name="Click" owner="Browser">
<msg time="2024-06-28T17:49:44.101344" level="INFO">Clicks the element 'xpath=//button[normalize-space()='Sign In']'.</msg>
<msg time="2024-06-28T17:49:44.110890" level="DEBUG">Click options are: {"button": "left", "clickCount": 1, "force": false, "noWaitAfter": false, "trial": false}</msg>
<msg time="2024-06-28T17:49:44.211211" level="DEBUG">Clicked element: 'xpath=//button[normalize-space()='Sign In']' with options: '{"button": "left", "clickCount": 1, "force": false, "noWaitAfter": false, "trial": false}' successfully.</msg>
<arg>${signIn_Button_Id}</arg>
<tag>PageContent</tag>
<tag>Setter</tag>
<doc>Simulates mouse click on the element found by ``selector``.</doc>
<status status="PASS" start="2024-06-28T17:49:44.101344" elapsed="0.109867"/>
</kw>
<status status="PASS" start="2024-06-28T17:49:44.101344" elapsed="0.109867"/>
</kw>
<status status="PASS" start="2024-06-28T17:49:44.101344" elapsed="0.109867"/>
</kw>
<kw name="Verify User Login" owner="SquareRiskPortal">
<kw name="Verify User Login page" owner="SR_Login_Page">
<kw name="Wait For Elements State" owner="Browser">
<msg time="2024-06-28T17:49:46.070800" level="INFO">Waited for Element with selector xpath=//li[@data-qa='squarerisk-user-profile'] at state visible</msg>
<arg>${User_Login}</arg>
<tag>PageContent</tag>
<tag>Wait</tag>
<doc>Waits for the element found by ``selector`` to satisfy state option.</doc>
<status status="PASS" start="2024-06-28T17:49:44.211211" elapsed="1.859589"/>
</kw>
<status status="PASS" start="2024-06-28T17:49:44.211211" elapsed="1.859589"/>
</kw>
<status status="PASS" start="2024-06-28T17:49:44.211211" elapsed="1.859589"/>
</kw>
<status status="PASS" start="2024-06-28T17:49:44.101344" elapsed="1.969456"/>
</kw>
<kw name="And SquareRiskPortal.Click on &quot;+ Add New&quot; Button and verify Select Product Page" owner="SquareRiskPortal">
<kw name="Click on + Add New Button to Initiate a New Application" owner="SquareRiskPortal">
<kw name="Click on + Add New Button" owner="SR_Login_Page">
<kw name="Wait For Elements State" owner="Browser">
<msg time="2024-06-28T17:49:46.916220" level="INFO">Waited for Element with selector xpath=//button[@data-qa="application-add-new"] at state enabled</msg>
<arg>${AddNew_Button}</arg>
<arg>state=enabled</arg>
<tag>PageContent</tag>
<tag>Wait</tag>
<doc>Waits for the element found by ``selector`` to satisfy state option.</doc>
<status status="PASS" start="2024-06-28T17:49:46.072893" elapsed="0.843327"/>
</kw>
<kw name="Click" owner="Browser">
<msg time="2024-06-28T17:49:46.916220" level="INFO">Clicks the element 'xpath=//button[@data-qa="application-add-new"]'.</msg>
<msg time="2024-06-28T17:49:46.916220" level="DEBUG">Click options are: {"button": "left", "clickCount": 1, "force": false, "noWaitAfter": false, "trial": false}</msg>
<msg time="2024-06-28T17:49:47.075670" level="DEBUG">Clicked element: 'xpath=//button[@data-qa="application-add-new"]' with options: '{"button": "left", "clickCount": 1, "force": false, "noWaitAfter": false, "trial": false}' successfully.</msg>
<arg>${AddNew_Button}</arg>
<tag>PageContent</tag>
<tag>Setter</tag>
<doc>Simulates mouse click on the element found by ``selector``.</doc>
<status status="PASS" start="2024-06-28T17:49:46.916220" elapsed="0.159450"/>
</kw>
<status status="PASS" start="2024-06-28T17:49:46.071801" elapsed="1.003869"/>
</kw>
<status status="PASS" start="2024-06-28T17:49:46.071801" elapsed="1.003869"/>
</kw>
<kw name="Verify Select Product Page Loaded" owner="SquareRiskPortal">
<kw name="Verify Page loaded" owner="NewQuoteRequestPage">
<kw name="Wait For Elements State" owner="Browser">
<msg time="2024-06-28T17:49:47.293936" level="INFO">Waited for Element with selector xpath=//span[contains(@class, 'MuiStepLabel-label Mui-active') and normalize-space() = "Select Product"] at state visible</msg>
<arg>${Select_Product_Tab}</arg>
<tag>PageContent</tag>
<tag>Wait</tag>
<doc>Waits for the element found by ``selector`` to satisfy state option.</doc>
<status status="PASS" start="2024-06-28T17:49:47.075670" elapsed="0.218266"/>
</kw>
<kw name="Verify No Product Added message" owner="NewQuoteRequestPage">
<kw name="Get Element By" owner="Browser">
<msg time="2024-06-28T17:49:47.301111" level="INFO">Locator found successfully.</msg>
<arg>text</arg>
<arg>${NoProductAdded_Text}</arg>
<tag>Getter</tag>
<tag>PageContent</tag>
<doc>Allows locating elements by their features.</doc>
<status status="PASS" start="2024-06-28T17:49:47.295946" elapsed="0.005165"/>
</kw>
<kw name="Get Element By" owner="Browser">
<msg time="2024-06-28T17:49:47.317604" level="INFO">Locator found successfully.</msg>
<arg>text</arg>
<arg>${Message}</arg>
<tag>Getter</tag>
<tag>PageContent</tag>
<doc>Allows locating elements by their features.</doc>
<status status="PASS" start="2024-06-28T17:49:47.301111" elapsed="0.016493"/>
</kw>
<status status="PASS" start="2024-06-28T17:49:47.295028" elapsed="0.022576"/>
</kw>
<status status="PASS" start="2024-06-28T17:49:47.075670" elapsed="0.241934"/>
</kw>
<status status="PASS" start="2024-06-28T17:49:47.075670" elapsed="0.241934"/>
</kw>
<status status="PASS" start="2024-06-28T17:49:46.071801" elapsed="1.245803"/>
</kw>
<kw name="And SquareRiskPortal.Select Product Name" owner="SquareRiskPortal">
<kw name="Select Product" owner="NewQuoteRequestPage">
<kw name="Scroll To Element" owner="Browser">
<msg time="2024-06-28T17:49:48.351004" level="DEBUG">Scrolled to //div[@data-qa="Cyber Insurance"][1] field if needed.</msg>
<arg>${Select_Products.${Product}}</arg>
<tag>PageContent</tag>
<tag>Setter</tag>
<doc>This method waits for actionability checks, then tries to scroll element into view,
unless it is completely visible.</doc>
<status status="PASS" start="2024-06-28T17:49:47.317604" elapsed="1.034401"/>
</kw>
<kw name="Click" owner="Browser">
<msg time="2024-06-28T17:49:48.355014" level="INFO">Clicks the element '//div[@data-qa="Cyber Insurance"][1]'.</msg>
<msg time="2024-06-28T17:49:48.355014" level="DEBUG">Click options are: {"button": "left", "clickCount": 1, "force": false, "noWaitAfter": false, "trial": false}</msg>
<msg time="2024-06-28T17:49:48.649902" level="DEBUG">Clicked element: '//div[@data-qa="Cyber Insurance"][1]' with options: '{"button": "left", "clickCount": 1, "force": false, "noWaitAfter": false, "trial": false}' successfully.</msg>
<arg>${Select_Products.${Product}}</arg>
<tag>PageContent</tag>
<tag>Setter</tag>
<doc>Simulates mouse click on the element found by ``selector``.</doc>
<status status="PASS" start="2024-06-28T17:49:48.352005" elapsed="0.297897"/>
</kw>
<kw name="Wait For Elements State" owner="Browser">
<msg time="2024-06-28T17:49:48.681056" level="INFO">Waited for Element with selector //p[contains(@data-qa, "Initiate Application")]/ancestor::div[contains(@class, 'box MuiBox-root css')]//*[@data-qa="Cyber Insurance"] at state visible</msg>
<arg>${Product_Selected.${product}}</arg>
<tag>PageContent</tag>
<tag>Wait</tag>
<doc>Waits for the element found by ``selector`` to satisfy state option.</doc>
<status status="PASS" start="2024-06-28T17:49:48.649902" elapsed="0.031154"/>
</kw>
<kw name="Wait For Condition" owner="Browser">
<kw name="Get Text" owner="Browser">
<msg time="2024-06-28T17:49:48.717832" level="DEBUG">Text received successfully.</msg>
<msg time="2024-06-28T17:49:48.717832" level="INFO">Text: 'Cyber Insurance'</msg>
<msg time="2024-06-28T17:49:48.717832" level="DEBUG">Assertion polling statistics:
First element asserted in: 0.03677535057067871 seconds
Total tries: 1
Elapsed time in retries 0.0 seconds</msg>
<arg>//p[contains(@data-qa, "Initiate Application")]/ancestor::div[contains(@class, 'box MuiBox-root css')]//*[@data-qa="Cyber Insurance"]</arg>
<arg>contains</arg>
<arg>Cyber Insurance</arg>
<tag>Assertion</tag>
<tag>Getter</tag>
<tag>PageContent</tag>
<doc>Returns text attribute of the element found by ``selector``.</doc>
<status status="PASS" start="2024-06-28T17:49:48.681056" elapsed="0.036776"/>
</kw>
<arg>Text</arg>
<arg>${Product_Selected.${product}}</arg>
<arg>contains</arg>
<arg>${Products_Text.${product}}</arg>
<tag>PageContent</tag>
<tag>Wait</tag>
<doc>Waits for a condition, defined with Browser getter keywords to become True.</doc>
<status status="PASS" start="2024-06-28T17:49:48.681056" elapsed="0.036776"/>
</kw>
<arg>${Product}</arg>
<status status="PASS" start="2024-06-28T17:49:47.317604" elapsed="1.400228"/>
</kw>
<kw name="Verify Initiate Application Section Loaded" owner="NewQuoteRequestPage">
<kw name="Wait For Elements State" owner="Browser">
<msg time="2024-06-28T17:49:48.717832" level="INFO">Waited for Element with selector xpath=//p[contains(@data-qa,'Initiate Application')] at state visible</msg>
<arg>${Initiate_Application_Text}</arg>
<tag>PageContent</tag>
<tag>Wait</tag>
<doc>Waits for the element found by ``selector`` to satisfy state option.</doc>
<status status="PASS" start="2024-06-28T17:49:48.717832" elapsed="0.000000"/>
</kw>
<status status="PASS" start="2024-06-28T17:49:48.717832" elapsed="0.000000"/>
</kw>
<arg>Cyber</arg>
<status status="PASS" start="2024-06-28T17:49:47.317604" elapsed="1.400228"/>
</kw>
<kw name="And SquareRiskPortal.Select State From Dropdown" owner="SquareRiskPortal">
<kw name="Open State Dropdown and select State" owner="NewQuoteRequestPage">
<kw name="Click" owner="Browser">
<msg time="2024-06-28T17:49:48.728359" level="INFO">Clicks the element 'xpath=//div[@data-qa="state"]'.</msg>
<msg time="2024-06-28T17:49:48.728359" level="DEBUG">Click options are: {"button": "left", "clickCount": 1, "force": false, "noWaitAfter": false, "trial": false}</msg>
<msg time="2024-06-28T17:49:48.925917" level="DEBUG">Clicked element: 'xpath=//div[@data-qa="state"]' with options: '{"button": "left", "clickCount": 1, "force": false, "noWaitAfter": false, "trial": false}' successfully.</msg>
<arg>${States_Dropdown}</arg>
<tag>PageContent</tag>
<tag>Setter</tag>
<doc>Simulates mouse click on the element found by ``selector``.</doc>
<status status="PASS" start="2024-06-28T17:49:48.717832" elapsed="0.208210"/>
</kw>
<kw name="Select State" owner="NewQuoteRequestPage">
<kw name="Get From Dictionary" owner="Collections">
<msg time="2024-06-28T17:49:48.928392" level="INFO">${state_ID} = //li[@data-value="Massachusetts"]</msg>
<var>${state_ID}</var>
<arg>${Select_State}</arg>
<arg>${state}</arg>
<doc>Returns a value from the given ``dictionary`` based on the given ``key``.</doc>
<status status="PASS" start="2024-06-28T17:49:48.927884" elapsed="0.000508"/>
</kw>
<kw name="Scroll To Element" owner="Browser">
<msg time="2024-06-28T17:49:49.238255" level="DEBUG">Scrolled to //li[@data-value="Massachusetts"] field if needed.</msg>
<arg>${state_ID}</arg>
<tag>PageContent</tag>
<tag>Setter</tag>
<doc>This method waits for actionability checks, then tries to scroll element into view,
unless it is completely visible.</doc>
<status status="PASS" start="2024-06-28T17:49:48.929021" elapsed="0.309234"/>
</kw>
<kw name="Click" owner="Browser">
<msg time="2024-06-28T17:49:49.238255" level="INFO">Clicks the element '//li[@data-value="Massachusetts"]'.</msg>
<msg time="2024-06-28T17:49:49.238255" level="DEBUG">Click options are: {"button": "left", "clickCount": 1, "force": false, "noWaitAfter": false, "trial": false}</msg>
<msg time="2024-06-28T17:49:49.536570" level="DEBUG">Clicked element: '//li[@data-value="Massachusetts"]' with options: '{"button": "left", "clickCount": 1, "force": false, "noWaitAfter": false, "trial": false}' successfully.</msg>
<arg>${state_ID}</arg>
<tag>PageContent</tag>
<tag>Setter</tag>
<doc>Simulates mouse click on the element found by ``selector``.</doc>
<status status="PASS" start="2024-06-28T17:49:49.238255" elapsed="0.298315"/>
</kw>
<kw name="Verify Product Loader" owner="NewQuoteRequestPage">
<kw name="Wait For Elements State" owner="Browser">
<msg time="2024-06-28T17:49:51.191021" level="INFO">Waited for Element with selector xpath=//div[@aria-label='animation']//*[name()='svg'] at state detached</msg>
<arg>${Product_Loader}</arg>
<arg>state=detached</arg>
<tag>PageContent</tag>
<tag>Wait</tag>
<doc>Waits for the element found by ``selector`` to satisfy state option.</doc>
<status status="PASS" start="2024-06-28T17:49:49.536570" elapsed="1.654451"/>
</kw>
<status status="PASS" start="2024-06-28T17:49:49.536570" elapsed="1.655206"/>
</kw>
<arg>${state}</arg>
<status status="PASS" start="2024-06-28T17:49:48.926693" elapsed="2.265217"/>
</kw>
<arg>${state}</arg>
<status status="PASS" start="2024-06-28T17:49:48.717832" elapsed="2.474174"/>
</kw>
<arg>MA</arg>
<status status="PASS" start="2024-06-28T17:49:48.717832" elapsed="2.474371"/>
</kw>
<kw name="And SquareRiskPortal.Select Carriers" owner="SquareRiskPortal">
<kw name="Select Carriers" owner="NewQuoteRequestPage">
<for flavor="IN">
<iter>
<kw name="Get From Dictionary" owner="Collections">
<msg time="2024-06-28T17:49:51.194234" level="INFO">${carrier_ID} = //p[@data-qa='At-Bay']</msg>
<var>${carrier_ID}</var>
<arg>${Select_Carriers}</arg>
<arg>${carrier}</arg>
<doc>Returns a value from the given ``dictionary`` based on the given ``key``.</doc>
<status status="PASS" start="2024-06-28T17:49:51.194234" elapsed="0.000509"/>
</kw>
<kw name="Click" owner="Browser">
<msg time="2024-06-28T17:49:51.194849" level="INFO">Clicks the element '//p[@data-qa='At-Bay']'.</msg>
<msg time="2024-06-28T17:49:51.196054" level="DEBUG">Click options are: {"button": "left", "clickCount": 1, "force": false, "noWaitAfter": false, "trial": false}</msg>
<msg time="2024-06-28T17:49:51.389608" level="DEBUG">Clicked element: '//p[@data-qa='At-Bay']' with options: '{"button": "left", "clickCount": 1, "force": false, "noWaitAfter": false, "trial": false}' successfully.</msg>
<arg>${carrier_ID}</arg>
<tag>PageContent</tag>
<tag>Setter</tag>
<doc>Simulates mouse click on the element found by ``selector``.</doc>
<status status="PASS" start="2024-06-28T17:49:51.194849" elapsed="0.194759"/>
</kw>
<var name="${carrier}">At-Bay</var>
<status status="PASS" start="2024-06-28T17:49:51.194234" elapsed="0.195374"/>
</iter>
<iter>
<kw name="Get From Dictionary" owner="Collections">
<msg time="2024-06-28T17:49:51.389608" level="INFO">${carrier_ID} = //p[@data-qa='Cowbell P100']</msg>
<var>${carrier_ID}</var>
<arg>${Select_Carriers}</arg>
<arg>${carrier}</arg>
<doc>Returns a value from the given ``dictionary`` based on the given ``key``.</doc>
<status status="PASS" start="2024-06-28T17:49:51.389608" elapsed="0.001046"/>
</kw>
<kw name="Click" owner="Browser">
<msg time="2024-06-28T17:49:51.390654" level="INFO">Clicks the element '//p[@data-qa='Cowbell P100']'.</msg>
<msg time="2024-06-28T17:49:51.391684" level="DEBUG">Click options are: {"button": "left", "clickCount": 1, "force": false, "noWaitAfter": false, "trial": false}</msg>
<msg time="2024-06-28T17:49:51.639603" level="DEBUG">Clicked element: '//p[@data-qa='Cowbell P100']' with options: '{"button": "left", "clickCount": 1, "force": false, "noWaitAfter": false, "trial": false}' successfully.</msg>
<arg>${carrier_ID}</arg>
<tag>PageContent</tag>
<tag>Setter</tag>
<doc>Simulates mouse click on the element found by ``selector``.</doc>
<status status="PASS" start="2024-06-28T17:49:51.390654" elapsed="0.248949"/>
</kw>
<var name="${carrier}">Cowbell</var>
<status status="PASS" start="2024-06-28T17:49:51.389608" elapsed="0.249995"/>
</iter>
<iter>
<kw name="Get From Dictionary" owner="Collections">
<msg time="2024-06-28T17:49:51.640602" level="INFO">${carrier_ID} = //p[contains(@data-qa, 'DUAL')]</msg>
<var>${carrier_ID}</var>
<arg>${Select_Carriers}</arg>
<arg>${carrier}</arg>
<doc>Returns a value from the given ``dictionary`` based on the given ``key``.</doc>
<status status="PASS" start="2024-06-28T17:49:51.640602" elapsed="0.000000"/>
</kw>
<kw name="Click" owner="Browser">
<msg time="2024-06-28T17:49:51.641603" level="INFO">Clicks the element '//p[contains(@data-qa, 'DUAL')]'.</msg>
<msg time="2024-06-28T17:49:51.642601" level="DEBUG">Click options are: {"button": "left", "clickCount": 1, "force": false, "noWaitAfter": false, "trial": false}</msg>
<msg time="2024-06-28T17:49:51.888756" level="DEBUG">Clicked element: '//p[contains(@data-qa, 'DUAL')]' with options: '{"button": "left", "clickCount": 1, "force": false, "noWaitAfter": false, "trial": false}' successfully.</msg>
<arg>${carrier_ID}</arg>
<tag>PageContent</tag>
<tag>Setter</tag>
<doc>Simulates mouse click on the element found by ``selector``.</doc>
<status status="PASS" start="2024-06-28T17:49:51.640602" elapsed="0.248154"/>
</kw>
<var name="${carrier}">Dual</var>
<status status="PASS" start="2024-06-28T17:49:51.640602" elapsed="0.248154"/>
</iter>
<var>${carrier}</var>
<value>@{carriers}</value>
<status status="PASS" start="2024-06-28T17:49:51.194131" elapsed="0.694625"/>
</for>
<arg>@{Carriers}</arg>
<status status="PASS" start="2024-06-28T17:49:51.193622" elapsed="0.695134"/>
</kw>
<arg>At-Bay</arg>
<arg>Cowbell</arg>
<arg>Dual</arg>
<status status="PASS" start="2024-06-28T17:49:51.192978" elapsed="0.695778"/>
</kw>
<kw name="Given SquareRiskPortal.Enter Insured Company Name for" owner="SquareRiskPortal">
<kw name="Enter Insured Company Name" owner="NewQuoteRequestPage">
<kw name="Fill Text" owner="Browser">
<msg time="2024-06-28T17:49:51.890757" level="INFO">Fills the text 'Randolph, Hill and Doyle' in the given field.</msg>
<msg time="2024-06-28T17:49:51.983924" level="DEBUG">Fill text Randolph, Hill and Doyle on xpath=//div[@data-qa="accountName"]//input[@name="accountName" and @type="text"] with force: false</msg>
<arg>${Account_Name}</arg>
<arg>${Comp_Name}</arg>
<tag>PageContent</tag>
<tag>Setter</tag>
<doc>Clears and fills the given ``txt`` into the text field found by ``selector``.</doc>
<status status="PASS" start="2024-06-28T17:49:51.890757" elapsed="0.093167"/>
</kw>
<arg>${Comp_Name}</arg>
<status status="PASS" start="2024-06-28T17:49:51.890757" elapsed="0.093167"/>
</kw>
<arg>${Company_name}</arg>
<status status="PASS" start="2024-06-28T17:49:51.889760" elapsed="0.094164"/>
</kw>
<kw name="When SquareRiskPortal.Click on &quot;Start Application&quot; Button" owner="SquareRiskPortal">
<kw name="Click Start Application" owner="NewQuoteRequestPage">
<kw name="Wait For Elements State" owner="Browser">
<msg time="2024-06-28T17:49:52.151485" level="INFO">Waited for Element with selector xpath=//button[text()='Start Application'] at state visible</msg>
<arg>${StartApplication_Button}</arg>
<tag>PageContent</tag>
<tag>Wait</tag>
<doc>Waits for the element found by ``selector`` to satisfy state option.</doc>
<status status="PASS" start="2024-06-28T17:49:51.983924" elapsed="0.167561"/>
</kw>
<kw name="Click" owner="Browser">
<msg time="2024-06-28T17:49:52.151485" level="INFO">Clicks the element 'xpath=//button[text()='Start Application']'.</msg>
<msg time="2024-06-28T17:49:52.165992" level="DEBUG">Click options are: {"button": "left", "clickCount": 1, "force": false, "noWaitAfter": false, "trial": false}</msg>
<msg time="2024-06-28T17:49:52.234093" level="DEBUG">Clicked element: 'xpath=//button[text()='Start Application']' with options: '{"button": "left", "clickCount": 1, "force": false, "noWaitAfter": false, "trial": false}' successfully.</msg>
<arg>${StartApplication_Button}</arg>
<tag>PageContent</tag>
<tag>Setter</tag>
<doc>Simulates mouse click on the element found by ``selector``.</doc>
<status status="PASS" start="2024-06-28T17:49:52.151485" elapsed="0.082608"/>
</kw>
<status status="PASS" start="2024-06-28T17:49:51.983924" elapsed="0.250169"/>
</kw>
<status status="PASS" start="2024-06-28T17:49:51.983924" elapsed="0.250169"/>
</kw>
<kw name="Then Cyber_Resource.Indication_Common.Verify Indication Common Information form loaded Successfully" owner="Cyber_Resource">
<kw name="Verify Data Collection Tab Loaded" owner="CommonElements">
<kw name="Wait For Elements State" owner="Browser">
<msg time="2024-06-28T17:49:54.336200" level="INFO">Waited for Element with selector xpath=//span[contains(@class, 'MuiStepLabel-label Mui-active') and normalize-space() = 'Data Collection'] at state visible</msg>
<arg>${Data_Collection_Tab}</arg>
<tag>PageContent</tag>
<tag>Wait</tag>
<doc>Waits for the element found by ``selector`` to satisfy state option.</doc>
<status status="PASS" start="2024-06-28T17:49:52.234093" elapsed="2.102107"/>
</kw>
<kw name="Focus" owner="Browser">
<msg time="2024-06-28T17:49:54.352270" level="DEBUG">Focused element: xpath=//span[contains(@class, 'MuiStepLabel-label Mui-active') and normalize-space() = 'Data Collection']</msg>
<arg>${Data_Collection_Tab}</arg>
<tag>PageContent</tag>
<tag>Setter</tag>
<doc>Moves focus on to the element found by ``selector``.</doc>
<status status="PASS" start="2024-06-28T17:49:54.336200" elapsed="0.016070"/>
</kw>
<status status="PASS" start="2024-06-28T17:49:52.234093" elapsed="2.118177"/>
</kw>
<kw name="Verify Common Form loaded" owner="CommonElements">
<kw name="Wait For Elements State" owner="Browser">
<msg time="2024-06-28T17:49:55.955500" level="INFO">Waited for Element with selector xpath=//div[@class="container wizard-nav-container"]/child::div[@class="step active"]//div[contains(text(),'Common Information')] at state visible</msg>
<arg>${Forms_Heading}</arg>
<tag>PageContent</tag>
<tag>Wait</tag>
<doc>Waits for the element found by ``selector`` to satisfy state option.</doc>
<status status="PASS" start="2024-06-28T17:49:54.353274" elapsed="1.602226"/>
</kw>
<kw name="Focus" owner="Browser">
<msg time="2024-06-28T17:49:56.469479" level="DEBUG">Focused element: xpath=//div[@class="container wizard-nav-container"]/child::div[@class="step active"]//div[contains(text(),'Common Information')]</msg>
<arg>${Forms_Heading}</arg>
<tag>PageContent</tag>
<tag>Setter</tag>
<doc>Moves focus on to the element found by ``selector``.</doc>
<status status="PASS" start="2024-06-28T17:49:55.955500" elapsed="0.514977"/>
</kw>
<status status="PASS" start="2024-06-28T17:49:54.353274" elapsed="2.117203"/>
</kw>
<kw name="Verify the Form Contains Basic Information Panel" owner="Indication_Common_Form">
<kw name="Wait For Elements State" owner="Browser">
<msg time="2024-06-28T17:49:56.483672" level="INFO">Waited for Element with selector xpath=//span[normalize-space()='Basic Information'] at state visible</msg>
<arg>${Basic_Information_Panel_ID}</arg>
<tag>PageContent</tag>
<tag>Wait</tag>
<doc>Waits for the element found by ``selector`` to satisfy state option.</doc>
<status status="PASS" start="2024-06-28T17:49:56.471482" elapsed="0.012190"/>
</kw>
<status status="PASS" start="2024-06-28T17:49:56.470477" elapsed="0.013195"/>
</kw>
<kw name="Verify the Form Contains General Information Panel" owner="Indication_Common_Form">
<kw name="Wait For Elements State" owner="Browser">
<msg time="2024-06-28T17:49:56.499300" level="INFO">Waited for Element with selector xpath=//span[normalize-space()='General Information'] at state visible</msg>
<arg>${General_Information_Panel_ID}</arg>
<tag>PageContent</tag>
<tag>Wait</tag>
<doc>Waits for the element found by ``selector`` to satisfy state option.</doc>
<status status="PASS" start="2024-06-28T17:49:56.483672" elapsed="0.015628"/>
</kw>
<status status="PASS" start="2024-06-28T17:49:56.483672" elapsed="0.015628"/>
</kw>
<status status="PASS" start="2024-06-28T17:49:52.234093" elapsed="4.265207"/>
</kw>
<kw name="Given Cyber_Resource.Indication_Common.Provide Insured Company Name" owner="Cyber_Resource">
<kw name="Enter Insured Company Name" owner="Indication_Common_Form">
<kw name="Fill Text" owner="Browser">
<msg time="2024-06-28T17:49:56.499300" level="INFO">Fills the text 'Randolph, Hill and Doyle' in the given field.</msg>
<msg time="2024-06-28T17:49:56.534304" level="DEBUG">Fill text Randolph, Hill and Doyle on xpath=//input[@name="data[sr_ic_name]"] with force: false</msg>
<arg>${Insured_Company_Name_ID}</arg>
<arg>${Insured_Comp_Name}</arg>
<tag>PageContent</tag>
<tag>Setter</tag>
<doc>Clears and fills the given ``txt`` into the text field found by ``selector``.</doc>
<status status="PASS" start="2024-06-28T17:49:56.499300" elapsed="0.035004"/>
</kw>
<arg>${Insured_Comp_Name}</arg>
<status status="PASS" start="2024-06-28T17:49:56.499300" elapsed="0.035004"/>
</kw>
<arg>${Company_name}</arg>
<status status="PASS" start="2024-06-28T17:49:56.499300" elapsed="0.035004"/>
</kw>
<kw name="And Cyber_Resource.Indication_Common.Provide Coverage Effective Date" owner="Cyber_Resource">
<kw name="Enter Coverage Effective Date" owner="Indication_Common_Form">
<kw name="Fill Text" owner="Browser">
<msg time="2024-06-28T17:49:56.534304" level="INFO">Fills the text '06/29/2024' in the given field.</msg>
<msg time="2024-06-28T17:49:56.669139" level="DEBUG">Fill text 06/29/2024 on xpath=//input[@name="data[sr_ic_coverage_effectivedate]"]/following-sibling::input with force: false</msg>
<arg>${Coverage_Effective_Date_ID}</arg>
<arg>${Coverage_Effective_Date}</arg>
<tag>PageContent</tag>
<tag>Setter</tag>
<doc>Clears and fills the given ``txt`` into the text field found by ``selector``.</doc>
<status status="PASS" start="2024-06-28T17:49:56.534304" elapsed="0.134835"/>
</kw>
<arg>${Coverage_Effective_Date}</arg>
<status status="PASS" start="2024-06-28T17:49:56.534304" elapsed="0.134835"/>
</kw>
<arg>${Effective_Date_Tomorrow}</arg>
<status status="PASS" start="2024-06-28T17:49:56.534304" elapsed="0.134835"/>
</kw>
<kw name="And Cyber_Resource.Indication_Common.Provide Google Address" owner="Cyber_Resource">
<kw name="Enter Google Address" owner="Indication_Common_Form">
<kw name="Fill Text" owner="Browser">
<msg time="2024-06-28T17:49:56.669139" level="INFO">Fills the text '89 Plaistow Road, , Haverhill, MA, 01830' in the given field.</msg>
<msg time="2024-06-28T17:49:56.825348" level="DEBUG">Fill text 89 Plaistow Road, , Haverhill, MA, 01830 on xpath=//div/span[normalize-space()="Basic Information"]/ancestor::div[contains(@class, "card border")]//div/input[@name="data[sr_ic_location_google]"] with force: false</msg>
<arg>${Google_Address_ID}</arg>
<arg>${Address}</arg>
<tag>PageContent</tag>
<tag>Setter</tag>
<doc>Clears and fills the given ``txt`` into the text field found by ``selector``.</doc>
<status status="PASS" start="2024-06-28T17:49:56.669139" elapsed="0.156209"/>
</kw>
<kw name="Click" owner="Browser">
<msg time="2024-06-28T17:49:56.826355" level="INFO">Clicks the element 'css=.pac-item:nth-child(1)'.</msg>
<msg time="2024-06-28T17:49:56.826355" level="DEBUG">Click options are: {"button": "left", "clickCount": 1, "force": false, "noWaitAfter": false, "trial": false}</msg>
<msg time="2024-06-28T17:49:57.774235" level="DEBUG">Clicked element: 'css=.pac-item:nth-child(1)' with options: '{"button": "left", "clickCount": 1, "force": false, "noWaitAfter": false, "trial": false}' successfully.</msg>
<arg>${First_Address_Suggestion_ID}</arg>
<tag>PageContent</tag>
<tag>Setter</tag>
<doc>Simulates mouse click on the element found by ``selector``.</doc>
<status status="PASS" start="2024-06-28T17:49:56.826355" elapsed="0.947880"/>
</kw>
<arg>${Google_Address}</arg>
<status status="PASS" start="2024-06-28T17:49:56.669139" elapsed="1.105096"/>
</kw>
<arg>${Google_Address}</arg>
<status status="PASS" start="2024-06-28T17:49:56.669139" elapsed="1.105096"/>
</kw>
<kw name="And Cyber_Resource.Indication_Common.Select Coverage Deductible" owner="Cyber_Resource">
<kw name="Select value from Coverage Deductible dropdown" owner="Indication_Common_Form">
<kw name="Wait For Elements State" owner="Browser">
<msg time="2024-06-28T17:49:57.809523" level="INFO">Waited for Element with selector xpath=//div/span[normalize-space()="General Information"]/ancestor::div[contains(@class, "card border")]//select[@name="data[sr_ic_deductible]"]/ancestor::div[@role='combobox'] at state enabled</msg>
<arg>${Coverage_Deductible_ID}</arg>
<arg>state=enabled</arg>
<tag>PageContent</tag>
<tag>Wait</tag>
<doc>Waits for the element found by ``selector`` to satisfy state option.</doc>
<status status="PASS" start="2024-06-28T17:49:57.780360" elapsed="0.029163"/>
</kw>
<kw name="Click" owner="Browser">
<msg time="2024-06-28T17:49:57.810601" level="INFO">Clicks the element 'xpath=//div/span[normalize-space()="General Information"]/ancestor::div[contains(@class, "card border")]//select[@name="data[sr_ic_deductible]"]/ancestor::div[@role='combobox']'.</msg>
<msg time="2024-06-28T17:49:57.811702" level="DEBUG">Click options are: {"button": "left", "clickCount": 1, "force": false, "noWaitAfter": false, "trial": false}</msg>
<msg time="2024-06-28T17:49:57.955399" level="DEBUG">Clicked element: 'xpath=//div/span[normalize-space()="General Information"]/ancestor::div[contains(@class, "card border")]//select[@name="data[sr_ic_deductible]"]/ancestor::div[@role='combobox']' with options: '{"button": "left", "clickCount": 1, "force": false, "noWaitAfter": false, "trial": false}' successfully.</msg>
<arg>${Coverage_Deductible_ID}</arg>
<tag>PageContent</tag>
<tag>Setter</tag>
<doc>Simulates mouse click on the element found by ``selector``.</doc>
<status status="PASS" start="2024-06-28T17:49:57.810058" elapsed="0.145341"/>
</kw>
<kw name="Get From Dictionary" owner="Collections">
<msg time="2024-06-28T17:49:57.956397" level="INFO">${Coverage_Deductible_Value} = //div[contains(@id, 'sr_ic_deductible-item-choice') and @data-value = "5000"]</msg>
<var>${Coverage_Deductible_Value}</var>
<arg>${Coverage_Deductible_Values}</arg>
<arg>${Coverage_Deductible}</arg>
<doc>Returns a value from the given ``dictionary`` based on the given ``key``.</doc>
<status status="PASS" start="2024-06-28T17:49:57.955399" elapsed="0.000998"/>
</kw>
<kw name="Wait For Elements State" owner="Browser">
<msg time="2024-06-28T17:49:58.078987" level="INFO">Waited for Element with selector //div[contains(@id, 'sr_ic_deductible-item-choice') and @data-value = "5000"] at state enabled</msg>
<arg>${Coverage_Deductible_Value}</arg>
<arg>state=enabled</arg>
<tag>PageContent</tag>
<tag>Wait</tag>
<doc>Waits for the element found by ``selector`` to satisfy state option.</doc>
<status status="PASS" start="2024-06-28T17:49:57.956397" elapsed="0.122590"/>
</kw>
<kw name="Click" owner="Browser">
<msg time="2024-06-28T17:49:58.080008" level="INFO">Clicks the element '//div[contains(@id, 'sr_ic_deductible-item-choice') and @data-value = "5000"]'.</msg>
<msg time="2024-06-28T17:49:58.080995" level="DEBUG">Click options are: {"button": "left", "clickCount": 1, "force": false, "noWaitAfter": false, "trial": false}</msg>
<msg time="2024-06-28T17:49:58.159016" level="DEBUG">Clicked element: '//div[contains(@id, 'sr_ic_deductible-item-choice') and @data-value = "5000"]' with options: '{"button": "left", "clickCount": 1, "force": false, "noWaitAfter": false, "trial": false}' successfully.</msg>
<arg>${Coverage_Deductible_Value}</arg>
<tag>PageContent</tag>
<tag>Setter</tag>
<doc>Simulates mouse click on the element found by ``selector``.</doc>
<status status="PASS" start="2024-06-28T17:49:58.078987" elapsed="0.080029"/>
</kw>
<arg>${Coverage_Deductible}</arg>
<status status="PASS" start="2024-06-28T17:49:57.779773" elapsed="0.379243"/>
</kw>
<arg>5000</arg>
<status status="PASS" start="2024-06-28T17:49:57.774235" elapsed="0.384781"/>
</kw>
<kw name="And Cyber_Resource.Indication_Common.Select NAICS Code" owner="Cyber_Resource">
<kw name="Select value from NAICS Code dropdown" owner="Indication_Common_Form">
<kw name="Click" owner="Browser">
<msg time="2024-06-28T17:49:58.167464" level="INFO">Clicks the element 'xpath=//select[contains(@name, "data[sr_ic_naics_code]")]/ancestor::div[@role="combobox"]'.</msg>
<msg time="2024-06-28T17:49:58.169466" level="DEBUG">Click options are: {"button": "left", "clickCount": 1, "force": false, "noWaitAfter": false, "trial": false}</msg>
<msg time="2024-06-28T17:49:59.201014" level="DEBUG">Clicked element: 'xpath=//select[contains(@name, "data[sr_ic_naics_code]")]/ancestor::div[@role="combobox"]' with options: '{"button": "left", "clickCount": 1, "force": false, "noWaitAfter": false, "trial": false}' successfully.</msg>
<arg>${NAICS_Code_ID}</arg>
<tag>PageContent</tag>
<tag>Setter</tag>
<doc>Simulates mouse click on the element found by ``selector``.</doc>
<status status="PASS" start="2024-06-28T17:49:58.159016" elapsed="1.041998"/>
</kw>
<kw name="Wait For Elements State" owner="Browser">
<msg time="2024-06-28T17:49:59.219071" level="INFO">Waited for Element with selector xpath=//select[@name="data[sr_ic_naics_code]"]/ancestor::div[@role="combobox"]//div[contains(@class,'choices__list choices__list--dropdown')] at state visible</msg>
<arg>${NAICS_Code_DropDown_ID}</arg>
<tag>PageContent</tag>
<tag>Wait</tag>
<doc>Waits for the element found by ``selector`` to satisfy state option.</doc>
<status status="PASS" start="2024-06-28T17:49:59.201014" elapsed="0.018057"/>
</kw>
<kw name="Type Text" owner="Browser">
<msg time="2024-06-28T17:49:59.220072" level="INFO">Types the text '521110' in the given field.</msg>
<msg time="2024-06-28T17:49:59.670036" level="DEBUG">Typed text "521110" on "xpath=//input[contains(@aria-activedescendant, 'sr_ic_naics_code-item-choice') and @name="search_terms" and @role="textbox"]"</msg>
<arg>${NAICS_Code_Input_ID}</arg>
<arg>${NAICS_Code}</arg>
<tag>PageContent</tag>
<tag>Setter</tag>
<doc>Types the given ``txt`` into the text field found by ``selector``.</doc>
<status status="PASS" start="2024-06-28T17:49:59.219071" elapsed="0.450965"/>
</kw>
<kw name="Keyboard Key" owner="Browser">
<msg time="2024-06-28T17:50:00.557910" level="DEBUG">Successfully did press for Enter</msg>
<arg>Press</arg>
<arg>Enter</arg>
<tag>PageContent</tag>
<tag>Setter</tag>
<doc>Press a keyboard key on the virtual keyboard or set a key up or down.</doc>
<status status="PASS" start="2024-06-28T17:49:59.671035" elapsed="0.886875"/>
</kw>
<arg>${NAICS_Code}</arg>
<status status="PASS" start="2024-06-28T17:49:58.159016" elapsed="2.398894"/>
</kw>
<arg>521110</arg>
<status status="PASS" start="2024-06-28T17:49:58.159016" elapsed="2.398894"/>
</kw>
<kw name="And Cyber_Resource.Indication_Common.Enter Website Detail" owner="Cyber_Resource">
<kw name="Enter Domain" owner="Indication_Common_Form">
<kw name="Wait For Elements State" owner="Browser">
<msg time="2024-06-28T17:50:00.574911" level="INFO">Waited for Element with selector xpath=//input[contains(@id,'sr_ic_website') and @name="data[sr_ic_website]"] at state enabled</msg>
<arg>${Domain_ID}</arg>
<arg>state=enabled</arg>
<tag>PageContent</tag>
<tag>Wait</tag>
<doc>Waits for the element found by ``selector`` to satisfy state option.</doc>
<status status="PASS" start="2024-06-28T17:50:00.559912" elapsed="0.014999"/>
</kw>
<kw name="Fill Text" owner="Browser">
<msg time="2024-06-28T17:50:00.575994" level="INFO">Fills the text 'hcvt.com' in the given field.</msg>
<msg time="2024-06-28T17:50:00.605379" level="DEBUG">Fill text hcvt.com on xpath=//input[contains(@id,'sr_ic_website') and @name="data[sr_ic_website]"] with force: false</msg>
<arg>${Domain_ID}</arg>
<arg>${Domain}</arg>
<tag>PageContent</tag>
<tag>Setter</tag>
<doc>Clears and fills the given ``txt`` into the text field found by ``selector``.</doc>
<status status="PASS" start="2024-06-28T17:50:00.574911" elapsed="0.030468"/>
</kw>
<arg>${Domain}</arg>
<status status="PASS" start="2024-06-28T17:50:00.559912" elapsed="0.045467"/>
</kw>
<arg>hcvt.com</arg>
<status status="PASS" start="2024-06-28T17:50:00.558912" elapsed="0.046467"/>
</kw>
<kw name="And Cyber_Resource.Indication_Common.Provide Last Year Revenue" owner="Cyber_Resource">
<kw name="Enter Last Year Revenue" owner="Indication_Common_Form">
<kw name="Fill Text" owner="Browser">
<msg time="2024-06-28T17:50:00.618227" level="INFO">Fills the text '2000000' in the given field.</msg>
<msg time="2024-06-28T17:50:00.655545" level="DEBUG">Fill text 2000000 on xpath=//input[@name="data[sr_ic_revenue_past]"] with force: false</msg>
<arg>${Last_Year_Revenue_ID}</arg>
<arg>${Last_Year_Revenue}</arg>
<tag>PageContent</tag>
<tag>Setter</tag>
<doc>Clears and fills the given ``txt`` into the text field found by ``selector``.</doc>
<status status="PASS" start="2024-06-28T17:50:00.617218" elapsed="0.038327"/>
</kw>
<arg>${Last_Year_Revenue}</arg>
<status status="PASS" start="2024-06-28T17:50:00.617218" elapsed="0.038327"/>
</kw>
<arg>2000000</arg>
<status status="PASS" start="2024-06-28T17:50:00.605379" elapsed="0.050166"/>
</kw>
<kw name="And Cyber_Resource.Indication_Common.Select Coverage Limit" owner="Cyber_Resource">
<kw name="Select value from Coverage Limit dropdown" owner="Indication_Common_Form">
<kw name="Wait For Elements State" owner="Browser">
<msg time="2024-06-28T17:50:00.684856" level="INFO">Waited for Element with selector xpath=//div/span[normalize-space()="General Information"]/ancestor::div[contains(@class, "card border")]//select[@name="data[sr_ic_coverage_limit]"]/ancestor::div[@role='combobox'] at state enabled</msg>
<arg>${Coverage_Limit_ID}</arg>
<arg>state=enabled</arg>
<tag>PageContent</tag>
<tag>Wait</tag>
<doc>Waits for the element found by ``selector`` to satisfy state option.</doc>
<status status="PASS" start="2024-06-28T17:50:00.655545" elapsed="0.029311"/>
</kw>
<kw name="Click" owner="Browser">
<msg time="2024-06-28T17:50:00.686858" level="INFO">Clicks the element 'xpath=//div/span[normalize-space()="General Information"]/ancestor::div[contains(@class, "card border")]//select[@name="data[sr_ic_coverage_limit]"]/ancestor::div[@role='combobox']'.</msg>
<msg time="2024-06-28T17:50:00.687856" level="DEBUG">Click options are: {"button": "left", "clickCount": 1, "force": false, "noWaitAfter": false, "trial": false}</msg>
<msg time="2024-06-28T17:50:00.919992" level="DEBUG">Clicked element: 'xpath=//div/span[normalize-space()="General Information"]/ancestor::div[contains(@class, "card border")]//select[@name="data[sr_ic_coverage_limit]"]/ancestor::div[@role='combobox']' with options: '{"button": "left", "clickCount": 1, "force": false, "noWaitAfter": false, "trial": false}' successfully.</msg>
<arg>${Coverage_Limit_ID}</arg>
<tag>PageContent</tag>
<tag>Setter</tag>
<doc>Simulates mouse click on the element found by ``selector``.</doc>
<status status="PASS" start="2024-06-28T17:50:00.685855" elapsed="0.234137"/>
</kw>
<kw name="Get From Dictionary" owner="Collections">
<msg time="2024-06-28T17:50:00.919992" level="INFO">${Coverage_Limit_Value} = //div[contains(@id, 'sr_ic_coverage_limit-item-choice') and @data-value = "1000000"]</msg>
<var>${Coverage_Limit_Value}</var>
<arg>${Coverage_Limit_Values}</arg>
<arg>${Coverage_Limit}</arg>
<doc>Returns a value from the given ``dictionary`` based on the given ``key``.</doc>
<status status="PASS" start="2024-06-28T17:50:00.919992" elapsed="0.000000"/>
</kw>
<kw name="Wait For Elements State" owner="Browser">
<msg time="2024-06-28T17:50:01.079084" level="INFO">Waited for Element with selector //div[contains(@id, 'sr_ic_coverage_limit-item-choice') and @data-value = "1000000"] at state enabled</msg>
<arg>${Coverage_Limit_Value}</arg>
<arg>state=enabled</arg>
<tag>PageContent</tag>
<tag>Wait</tag>
<doc>Waits for the element found by ``selector`` to satisfy state option.</doc>
<status status="PASS" start="2024-06-28T17:50:00.919992" elapsed="0.159092"/>
</kw>
<kw name="Click" owner="Browser">
<msg time="2024-06-28T17:50:01.080083" level="INFO">Clicks the element '//div[contains(@id, 'sr_ic_coverage_limit-item-choice') and @data-value = "1000000"]'.</msg>
<msg time="2024-06-28T17:50:01.080083" level="DEBUG">Click options are: {"button": "left", "clickCount": 1, "force": false, "noWaitAfter": false, "trial": false}</msg>
<msg time="2024-06-28T17:50:01.155699" level="DEBUG">Clicked element: '//div[contains(@id, 'sr_ic_coverage_limit-item-choice') and @data-value = "1000000"]' with options: '{"button": "left", "clickCount": 1, "force": false, "noWaitAfter": false, "trial": false}' successfully.</msg>
<arg>${Coverage_Limit_Value}</arg>
<tag>PageContent</tag>
<tag>Setter</tag>
<doc>Simulates mouse click on the element found by ``selector``.</doc>
<status status="PASS" start="2024-06-28T17:50:01.079084" elapsed="0.076615"/>
</kw>
<arg>${Coverage_Limit}</arg>
<status status="PASS" start="2024-06-28T17:50:00.655545" elapsed="0.500154"/>
</kw>
<arg>1000000</arg>
<status status="PASS" start="2024-06-28T17:50:00.655545" elapsed="0.500154"/>
</kw>
<kw name="And Cyber_Resource.Indication_Common.Provide Contact Person Phone Number" owner="Cyber_Resource">
<kw name="Enter Contact Person Phone Number" owner="Indication_Common_Form">
<kw name="Focus" owner="Browser">
<msg time="2024-06-28T17:50:01.184553" level="DEBUG">Focused element: xpath=//input[@name="data[sr_ic_phone_number]"]</msg>
<arg>${Contact_Person_Phone_ID}</arg>
<tag>PageContent</tag>
<tag>Setter</tag>
<doc>Moves focus on to the element found by ``selector``.</doc>
<status status="PASS" start="2024-06-28T17:50:01.168009" elapsed="0.016544"/>
</kw>
<kw name="Fill Text" owner="Browser">
<msg time="2024-06-28T17:50:01.184553" level="INFO">Fills the text '1111111111' in the given field.</msg>
<msg time="2024-06-28T17:50:01.220340" level="DEBUG">Fill text 1111111111 on xpath=//input[@name="data[sr_ic_phone_number]"] with force: false</msg>
<arg>${Contact_Person_Phone_ID}</arg>
<arg>${Contact_Person_Phone}</arg>
<tag>PageContent</tag>
<tag>Setter</tag>
<doc>Clears and fills the given ``txt`` into the text field found by ``selector``.</doc>
<status status="PASS" start="2024-06-28T17:50:01.184553" elapsed="0.035787"/>
</kw>
<arg>${Contact_Person_Phone}</arg>
<status status="PASS" start="2024-06-28T17:50:01.168009" elapsed="0.052331"/>
</kw>
<arg>${Default_Phone_Number}</arg>
<status status="PASS" start="2024-06-28T17:50:01.168009" elapsed="0.052331"/>
</kw>
<kw name="When SquareRiskPortal.Click on &quot;Next Button&quot; on the Form and verify data saved successfully Alert" owner="SquareRiskPortal">
<kw name="Click Form Next Button" owner="CommonElements">
<kw name="Click" owner="Browser">
<msg time="2024-06-28T17:50:01.220340" level="INFO">Clicks the element 'xpath=//button[@data-qa="next-button"]'.</msg>
<msg time="2024-06-28T17:50:01.234598" level="DEBUG">Click options are: {"button": "left", "clickCount": 1, "force": false, "noWaitAfter": false, "trial": false}</msg>
<msg time="2024-06-28T17:50:01.417824" level="DEBUG">Clicked element: 'xpath=//button[@data-qa="next-button"]' with options: '{"button": "left", "clickCount": 1, "force": false, "noWaitAfter": false, "trial": false}' successfully.</msg>
<arg>${Form_Next_Button_ID}</arg>
<tag>PageContent</tag>
<tag>Setter</tag>
<doc>Simulates mouse click on the element found by ``selector``.</doc>
<status status="PASS" start="2024-06-28T17:50:01.220340" elapsed="0.197484"/>
</kw>
<status status="PASS" start="2024-06-28T17:50:01.220340" elapsed="0.197484"/>
</kw>
<kw name="Verify Data Saved Successfuly Alert" owner="SquareRiskPortal">
<kw name="Wait for Success Alert" owner="CommonElements">
<kw name="Verify Data Collection or Prepare Application Screen" owner="CommonElements">
<kw name="Get Element Count" owner="Browser">
<msg time="2024-06-28T17:50:01.426019" level="INFO">${Data_Collection_Value} = 1</msg>
<var>${Data_Collection_Value}</var>
<arg>${Data_Collection_Tab}</arg>
<tag>Assertion</tag>
<tag>Getter</tag>
<tag>PageContent</tag>
<doc>Returns the count of elements found with ``selector``.</doc>
<status status="PASS" start="2024-06-28T17:50:01.417824" elapsed="0.008195"/>
</kw>
<kw name="Set Global Variable" owner="BuiltIn">
<msg time="2024-06-28T17:50:01.426019" level="INFO">${Data_Collection_Value} = 1</msg>
<arg>${Data_Collection_Value}</arg>
<doc>Makes a variable available globally in all tests and suites.</doc>
<status status="PASS" start="2024-06-28T17:50:01.426019" elapsed="0.000000"/>
</kw>
<kw name="Get Element Count" owner="Browser">
<msg time="2024-06-28T17:50:01.434455" level="INFO">${Prepare_Application_Value} = 0</msg>
<var>${Prepare_Application_Value}</var>
<arg>${Prepare_Application_Tab}</arg>
<tag>Assertion</tag>
<tag>Getter</tag>
<tag>PageContent</tag>
<doc>Returns the count of elements found with ``selector``.</doc>
<status status="PASS" start="2024-06-28T17:50:01.426019" elapsed="0.008436"/>
</kw>
<kw name="Set Global Variable" owner="BuiltIn">
<msg time="2024-06-28T17:50:01.434455" level="INFO">${Prepare_Application_Value} = 0</msg>
<arg>${Prepare_Application_Value}</arg>
<doc>Makes a variable available globally in all tests and suites.</doc>
<status status="PASS" start="2024-06-28T17:50:01.434455" elapsed="0.000000"/>
</kw>
<return>
<value>${Data_Collection_Value}</value>
<value>${Prepare_Application_Value}</value>
<status status="PASS" start="2024-06-28T17:50:01.434455" elapsed="0.000000"/>
</return>
<msg time="2024-06-28T17:50:01.434455" level="INFO">${Data_Collection_Value} = 1</msg>
<msg time="2024-06-28T17:50:01.434455" level="INFO">${Prepare_Application_Value} = 0</msg>
<var>${Data_Collection_Value}</var>
<var>${Prepare_Application_Value}</var>
<status status="PASS" start="2024-06-28T17:50:01.417824" elapsed="0.016631"/>
</kw>
<if>
<branch type="IF" condition="${Data_Collection_Value} != 0">
<kw name="Wait for Success Alert on Data Collection" owner="CommonElements">
<kw name="Wait For Elements State" owner="Browser">
<msg time="2024-06-28T17:50:03.333368" level="INFO">Waited for Element with selector xpath=//div[@role='alert']//div[normalize-space()='Data saved successfully'] at state visible</msg>
<arg>${Data_Collection_Success_Alert}</arg>
<tag>PageContent</tag>
<tag>Wait</tag>
<doc>Waits for the element found by ``selector`` to satisfy state option.</doc>
<status status="PASS" start="2024-06-28T17:50:01.434455" elapsed="1.899912"/>
</kw>
<status status="PASS" start="2024-06-28T17:50:01.434455" elapsed="1.899912"/>
</kw>
<status status="PASS" start="2024-06-28T17:50:01.434455" elapsed="1.899912"/>
</branch>
<branch type="ELSE">
<kw name="Wait for Success Alert on Prepare Application" owner="CommonElements">
<status status="NOT RUN" start="2024-06-28T17:50:03.334367" elapsed="0.000000"/>
</kw>
<status status="NOT RUN" start="2024-06-28T17:50:03.334367" elapsed="0.000000"/>
</branch>
<status status="PASS" start="2024-06-28T17:50:01.434455" elapsed="1.901423"/>
</if>
<status status="PASS" start="2024-06-28T17:50:01.417824" elapsed="1.918054"/>
</kw>
<status status="PASS" start="2024-06-28T17:50:01.417824" elapsed="1.918054"/>
</kw>
<status status="PASS" start="2024-06-28T17:50:01.220340" elapsed="2.115538"/>
</kw>
<kw name="Then Cyber_Resource.Cowbell_Indication_Form.Verify Cowbell form loaded successfully" owner="Cyber_Resource">
<kw name="Verify Data Collection Tab Loaded" owner="CommonElements">
<kw name="Wait For Elements State" owner="Browser">
<msg time="2024-06-28T17:50:03.353890" level="INFO">Waited for Element with selector xpath=//span[contains(@class, 'MuiStepLabel-label Mui-active') and normalize-space() = 'Data Collection'] at state visible</msg>
<arg>${Data_Collection_Tab}</arg>
<tag>PageContent</tag>
<tag>Wait</tag>
<doc>Waits for the element found by ``selector`` to satisfy state option.</doc>
<status status="PASS" start="2024-06-28T17:50:03.341897" elapsed="0.011993"/>
</kw>
<kw name="Focus" owner="Browser">
<msg time="2024-06-28T17:50:03.366895" level="DEBUG">Focused element: xpath=//span[contains(@class, 'MuiStepLabel-label Mui-active') and normalize-space() = 'Data Collection']</msg>
<arg>${Data_Collection_Tab}</arg>
<tag>PageContent</tag>
<tag>Setter</tag>
<doc>Moves focus on to the element found by ``selector``.</doc>
<status status="PASS" start="2024-06-28T17:50:03.354888" elapsed="0.012007"/>
</kw>
<status status="PASS" start="2024-06-28T17:50:03.340889" elapsed="0.027001"/>
</kw>
<kw name="Verify the Cowbell form loaded" owner="Cowbell_Indication_Carrier_Form">
<kw name="Wait For Elements State" owner="Browser">
<msg time="2024-06-28T17:50:03.377889" level="INFO">Waited for Element with selector xpath=//div[@class="container wizard-nav-container"]/child::div[@class="step active"]//div[contains(text(),'Cowbell')] at state visible</msg>
<arg>${Form_Name}</arg>
<tag>PageContent</tag>
<tag>Wait</tag>
<doc>Waits for the element found by ``selector`` to satisfy state option.</doc>
<status status="PASS" start="2024-06-28T17:50:03.368890" elapsed="0.009999"/>
</kw>
<kw name="Focus" owner="Browser">
<msg time="2024-06-28T17:50:03.392887" level="DEBUG">Focused element: xpath=//div[@class="container wizard-nav-container"]/child::div[@class="step active"]//div[contains(text(),'Cowbell')]</msg>
<arg>${Form_Name}</arg>
<tag>PageContent</tag>
<tag>Setter</tag>
<doc>Moves focus on to the element found by ``selector``.</doc>
<status status="PASS" start="2024-06-28T17:50:03.378889" elapsed="0.013998"/>
</kw>
<status status="PASS" start="2024-06-28T17:50:03.367890" elapsed="0.026026"/>
</kw>
<kw name="Verify the Form Contains Additional Information Panel" owner="Cowbell_Indication_Carrier_Form">
<kw name="Wait For Elements State" owner="Browser">
<msg time="2024-06-28T17:50:03.402892" level="INFO">Waited for Element with selector xpath=//span[normalize-space()='Additional Information'] at state visible</msg>
<arg>${Additional_Information_Panel_ID}</arg>
<tag>PageContent</tag>
<tag>Wait</tag>
<doc>Waits for the element found by ``selector`` to satisfy state option.</doc>
<status status="PASS" start="2024-06-28T17:50:03.393916" elapsed="0.008976"/>
</kw>
<status status="PASS" start="2024-06-28T17:50:03.393916" elapsed="0.008976"/>
</kw>
<status status="PASS" start="2024-06-28T17:50:03.336891" elapsed="0.066001"/>
</kw>
<kw name="Given Cyber_Resource.Cowbell_Indication_Form.Provide Number of Employees" owner="Cyber_Resource">
<kw name="Enter Number Of Employees" owner="Cowbell_Indication_Carrier_Form">
<kw name="Fill Text" owner="Browser">
<msg time="2024-06-28T17:50:03.405890" level="INFO">Fills the text '150' in the given field.</msg>
<msg time="2024-06-28T17:50:03.429363" level="DEBUG">Fill text 150 on xpath=//div/span[normalize-space()="Additional Information"]/ancestor::div[contains(@class, "card border")]//div/input[contains(@name, "[sr_ic_number_of_employees]")] with force: false</msg>
<arg>${Number_Of_Employees_ID}</arg>
<arg>${Number_Of_Employees}</arg>
<tag>PageContent</tag>
<tag>Setter</tag>
<doc>Clears and fills the given ``txt`` into the text field found by ``selector``.</doc>
<status status="PASS" start="2024-06-28T17:50:03.404889" elapsed="0.024474"/>
</kw>
<arg>${Number_Of_Employees}</arg>
<status status="PASS" start="2024-06-28T17:50:03.404889" elapsed="0.024474"/>
</kw>
<arg>150</arg>
<status status="PASS" start="2024-06-28T17:50:03.403889" elapsed="0.025474"/>
</kw>
<kw name="And Cyber_Resource.Cowbell_Indication_Form.Select Company Type as" owner="Cyber_Resource">
<kw name="Select value from Company Type dropdown" owner="Cowbell_Indication_Carrier_Form">
<kw name="Wait For Elements State" owner="Browser">
<msg time="2024-06-28T17:50:03.446882" level="INFO">Waited for Element with selector xpath=//select[contains(@name,"[sr_ic_companyType]")]/ancestor::div[@role='combobox'] at state visible</msg>
<arg>${Company_Type_ID}</arg>
<tag>PageContent</tag>
<tag>Wait</tag>
<doc>Waits for the element found by ``selector`` to satisfy state option.</doc>
<status status="PASS" start="2024-06-28T17:50:03.434721" elapsed="0.013160"/>
</kw>
<kw name="Click" owner="Browser">
<msg time="2024-06-28T17:50:03.448884" level="INFO">Clicks the element 'xpath=//select[contains(@name,"[sr_ic_companyType]")]/ancestor::div[@role='combobox']'.</msg>
<msg time="2024-06-28T17:50:03.450884" level="DEBUG">Click options are: {"button": "left", "clickCount": 1, "force": false, "noWaitAfter": false, "trial": false}</msg>
<msg time="2024-06-28T17:50:03.549498" level="DEBUG">Clicked element: 'xpath=//select[contains(@name,"[sr_ic_companyType]")]/ancestor::div[@role='combobox']' with options: '{"button": "left", "clickCount": 1, "force": false, "noWaitAfter": false, "trial": false}' successfully.</msg>
<arg>${Company_Type_ID}</arg>
<tag>PageContent</tag>
<tag>Setter</tag>
<doc>Simulates mouse click on the element found by ``selector``.</doc>
<status status="PASS" start="2024-06-28T17:50:03.447881" elapsed="0.101617"/>
</kw>
<kw name="Get From Dictionary" owner="Collections">
<msg time="2024-06-28T17:50:03.551498" level="INFO">${Company_Type_Value} = //div[contains(@id, 'sr_ic_companyType-item-choice') and @data-value = "partnership"]</msg>
<var>${Company_Type_Value}</var>
<arg>${Company_Type_Values}</arg>
<arg>${Company_Type}</arg>
<doc>Returns a value from the given ``dictionary`` based on the given ``key``.</doc>
<status status="PASS" start="2024-06-28T17:50:03.550499" elapsed="0.000999"/>
</kw>
<kw name="Wait For Elements State" owner="Browser">
<msg time="2024-06-28T17:50:03.714976" level="INFO">Waited for Element with selector //div[contains(@id, 'sr_ic_companyType-item-choice') and @data-value = "partnership"] at state enabled</msg>
<arg>${Company_Type_Value}</arg>
<arg>state=enabled</arg>
<tag>PageContent</tag>
<tag>Wait</tag>
<doc>Waits for the element found by ``selector`` to satisfy state option.</doc>
<status status="PASS" start="2024-06-28T17:50:03.551498" elapsed="0.163478"/>
</kw>
<kw name="Click" owner="Browser">
<msg time="2024-06-28T17:50:03.716988" level="INFO">Clicks the element '//div[contains(@id, 'sr_ic_companyType-item-choice') and @data-value = "partnership"]'.</msg>
<msg time="2024-06-28T17:50:03.718987" level="DEBUG">Click options are: {"button": "left", "clickCount": 1, "force": false, "noWaitAfter": false, "trial": false}</msg>
<msg time="2024-06-28T17:50:03.801506" level="DEBUG">Clicked element: '//div[contains(@id, 'sr_ic_companyType-item-choice') and @data-value = "partnership"]' with options: '{"button": "left", "clickCount": 1, "force": false, "noWaitAfter": false, "trial": false}' successfully.</msg>
<arg>${Company_Type_Value}</arg>
<tag>PageContent</tag>
<tag>Setter</tag>
<doc>Simulates mouse click on the element found by ``selector``.</doc>
<status status="PASS" start="2024-06-28T17:50:03.715988" elapsed="0.085518"/>
</kw>
<arg>${Company_Type}</arg>
<status status="PASS" start="2024-06-28T17:50:03.433720" elapsed="0.367786"/>
</kw>
<arg>Partnership</arg>
<status status="PASS" start="2024-06-28T17:50:03.432720" elapsed="0.368786"/>
</kw>
<kw name="When SquareRiskPortal.Click on &quot;Get Indication&quot; Button and verify the page &quot;Select Inidication&quot; gets loaded -- Multi Carriers" owner="SquareRiskPortal">
<kw name="Click on &quot;Get Indication&quot; Button" owner="SquareRiskPortal">
<kw name="Click Get Indication Button" owner="CommonElements">
<kw name="Click" owner="Browser">
<msg time="2024-06-28T17:50:03.805509" level="INFO">Clicks the element 'xpath=//button[@data-qa='Get Indication']'.</msg>
<msg time="2024-06-28T17:50:03.806511" level="DEBUG">Click options are: {"button": "left", "clickCount": 1, "force": false, "noWaitAfter": false, "trial": false}</msg>
<msg time="2024-06-28T17:50:03.929649" level="DEBUG">Clicked element: 'xpath=//button[@data-qa='Get Indication']' with options: '{"button": "left", "clickCount": 1, "force": false, "noWaitAfter": false, "trial": false}' successfully.</msg>
<arg>${Get_Indication_Button}</arg>
<tag>PageContent</tag>
<tag>Setter</tag>
<doc>Simulates mouse click on the element found by ``selector``.</doc>
<status status="PASS" start="2024-06-28T17:50:03.804508" elapsed="0.125141"/>
</kw>
<status status="PASS" start="2024-06-28T17:50:03.803510" elapsed="0.127137"/>
</kw>
<status status="PASS" start="2024-06-28T17:50:03.803510" elapsed="0.127137"/>
</kw>
<kw name="Verify Select Indication Page Loaded in case of Multi Carriers" owner="SquareRiskPortal">
<kw name="Verify Select Indication Tab Loaded" owner="CommonElements">
<kw name="Focus" owner="Browser">
<msg time="2024-06-28T17:50:05.794374" level="DEBUG">Focused element: xpath=//span[contains(@class, 'MuiStepLabel-label Mui-active') and normalize-space() = 'Select Indication']</msg>
<arg>${Select_Indication_Tab}</arg>
<tag>PageContent</tag>
<tag>Setter</tag>
<doc>Moves focus on to the element found by ``selector``.</doc>
<status status="PASS" start="2024-06-28T17:50:03.931647" elapsed="1.862727"/>
</kw>
<kw name="Highlight Elements" owner="Browser">
<msg time="2024-06-28T17:50:05.810672" level="INFO">Highlighted 1 elements for 4000.</msg>
<arg>${Select_Indication_Tab}</arg>
<arg>duration=4s</arg>
<tag>PageContent</tag>
<tag>Setter</tag>
<doc>Adds a highlight to elements matched by the ``selector``. Provides a style adjustment.</doc>
<status status="PASS" start="2024-06-28T17:50:05.795378" elapsed="0.015294"/>
</kw>
<kw name="Highlight Elements" owner="Browser">
<msg time="2024-06-28T17:50:05.827331" level="INFO">Could not find elements to highlight.</msg>
<arg>${Carrier_Grid}</arg>
<arg>duration=4s</arg>
<tag>PageContent</tag>
<tag>Setter</tag>
<doc>Adds a highlight to elements matched by the ``selector``. Provides a style adjustment.</doc>
<status status="PASS" start="2024-06-28T17:50:05.811748" elapsed="0.015583"/>
</kw>
[...]
</kw>
<kw name="When SquareRiskPortal.Click on &quot;Next Button&quot; on the Form and verify data saved successfully Alert" owner="SquareRiskPortal">
<kw name="Click Form Next Button" owner="CommonElements">
<kw name="Click" owner="Browser">
<msg time="2024-06-28T17:51:35.506012" level="INFO">Clicks the element 'xpath=//button[@data-qa="next-button"]'.</msg>
<msg time="2024-06-28T17:51:35.506012" level="DEBUG">Click options are: {"button": "left", "clickCount": 1, "force": false, "noWaitAfter": false, "trial": false}</msg>
<msg time="2024-06-28T17:51:35.609207" level="DEBUG">Clicked element: 'xpath=//button[@data-qa="next-button"]' with options: '{"button": "left", "clickCount": 1, "force": false, "noWaitAfter": false, "trial": false}' successfully.</msg>
<arg>${Form_Next_Button_ID}</arg>
<tag>PageContent</tag>
<tag>Setter</tag>
<doc>Simulates mouse click on the element found by ``selector``.</doc>
<status status="PASS" start="2024-06-28T17:51:35.504980" elapsed="0.104227"/>
</kw>
<status status="PASS" start="2024-06-28T17:51:35.496629" elapsed="0.112578"/>
</kw>
<kw name="Verify Data Saved Successfuly Alert" owner="SquareRiskPortal">
<kw name="Wait for Success Alert" owner="CommonElements">
<kw name="Verify Data Collection or Prepare Application Screen" owner="CommonElements">
<kw name="Get Element Count" owner="Browser">
<msg time="2024-06-28T17:51:35.621441" level="INFO">${Data_Collection_Value} = 0</msg>
<var>${Data_Collection_Value}</var>
<arg>${Data_Collection_Tab}</arg>
<tag>Assertion</tag>
<tag>Getter</tag>
<tag>PageContent</tag>
<doc>Returns the count of elements found with ``selector``.</doc>
<status status="PASS" start="2024-06-28T17:51:35.609207" elapsed="0.012234"/>
</kw>
<kw name="Set Global Variable" owner="BuiltIn">
<msg time="2024-06-28T17:51:35.621441" level="INFO">${Data_Collection_Value} = 0</msg>
<arg>${Data_Collection_Value}</arg>
<doc>Makes a variable available globally in all tests and suites.</doc>
<status status="PASS" start="2024-06-28T17:51:35.621441" elapsed="0.000000"/>
</kw>
<kw name="Get Element Count" owner="Browser">
<msg time="2024-06-28T17:51:35.621441" level="INFO">${Prepare_Application_Value} = 1</msg>
<var>${Prepare_Application_Value}</var>
<arg>${Prepare_Application_Tab}</arg>
<tag>Assertion</tag>
<tag>Getter</tag>
<tag>PageContent</tag>
<doc>Returns the count of elements found with ``selector``.</doc>
<status status="PASS" start="2024-06-28T17:51:35.621441" elapsed="0.000000"/>
</kw>
<kw name="Set Global Variable" owner="BuiltIn">
<msg time="2024-06-28T17:51:35.621441" level="INFO">${Prepare_Application_Value} = 1</msg>
<arg>${Prepare_Application_Value}</arg>
<doc>Makes a variable available globally in all tests and suites.</doc>
<status status="PASS" start="2024-06-28T17:51:35.621441" elapsed="0.000000"/>
</kw>
<return>
<value>${Data_Collection_Value}</value>
<value>${Prepare_Application_Value}</value>
<status status="PASS" start="2024-06-28T17:51:35.621441" elapsed="0.000000"/>
</return>
<msg time="2024-06-28T17:51:35.621441" level="INFO">${Data_Collection_Value} = 0</msg>
<msg time="2024-06-28T17:51:35.621441" level="INFO">${Prepare_Application_Value} = 1</msg>
<var>${Data_Collection_Value}</var>
<var>${Prepare_Application_Value}</var>
<status status="PASS" start="2024-06-28T17:51:35.609207" elapsed="0.012234"/>
</kw>
<if>
<branch type="IF" condition="${Data_Collection_Value} != 0">
<kw name="Wait for Success Alert on Data Collection" owner="CommonElements">
<status status="NOT RUN" start="2024-06-28T17:51:35.621441" elapsed="0.000000"/>
</kw>
<status status="NOT RUN" start="2024-06-28T17:51:35.621441" elapsed="0.000000"/>
</branch>
<branch type="ELSE">
<kw name="Wait for Success Alert on Prepare Application" owner="CommonElements">
<kw name="Wait For Elements State" owner="Browser">
<msg time="2024-06-28T17:51:36.990726" level="INFO">Waited for Element with selector xpath=//div[@role='alert']//div[normalize-space()="Operation successful"] at state visible</msg>
<arg>${Prepare_Application_Success_Alert}</arg>
<tag>PageContent</tag>
<tag>Wait</tag>
<doc>Waits for the element found by ``selector`` to satisfy state option.</doc>
<status status="PASS" start="2024-06-28T17:51:35.621441" elapsed="1.369285"/>
</kw>
<status status="PASS" start="2024-06-28T17:51:35.621441" elapsed="1.369285"/>
</kw>
<status status="PASS" start="2024-06-28T17:51:35.621441" elapsed="1.369285"/>
</branch>
<status status="PASS" start="2024-06-28T17:51:35.621441" elapsed="1.369285"/>
</if>
<status status="PASS" start="2024-06-28T17:51:35.609207" elapsed="1.381519"/>
</kw>
<status status="PASS" start="2024-06-28T17:51:35.609207" elapsed="1.381519"/>
</kw>
<status status="PASS" start="2024-06-28T17:51:35.496629" elapsed="1.494097"/>
</kw>
<kw name="Then Cyber_Resource.At-Bay_Quote_Form.Verify At-Bay Quote Carrier form loaded Successfully" owner="Cyber_Resource">
<kw name="Verify Prepare Application Tab Loaded" owner="CommonElements">
<kw name="Wait For Elements State" owner="Browser">
<msg time="2024-06-28T17:51:36.990726" level="INFO">Waited for Element with selector xpath=//span[contains(@class, 'MuiStepLabel-label Mui-active') and normalize-space() = 'Prepare Application'] at state visible</msg>
<arg>${Prepare_Application_Tab}</arg>
<tag>PageContent</tag>
<tag>Wait</tag>
<doc>Waits for the element found by ``selector`` to satisfy state option.</doc>
<status status="PASS" start="2024-06-28T17:51:36.990726" elapsed="0.000000"/>
</kw>
<kw name="Focus" owner="Browser">
<msg time="2024-06-28T17:51:37.011295" level="DEBUG">Focused element: xpath=//span[contains(@class, 'MuiStepLabel-label Mui-active') and normalize-space() = 'Prepare Application']</msg>
<arg>${Prepare_Application_Tab}</arg>
<tag>PageContent</tag>
<tag>Setter</tag>
<doc>Moves focus on to the element found by ``selector``.</doc>
<status status="PASS" start="2024-06-28T17:51:36.990726" elapsed="0.020569"/>
</kw>
<status status="PASS" start="2024-06-28T17:51:36.990726" elapsed="0.020569"/>
</kw>
<kw name="Verify the At-Bay form loaded" owner="At-Bay_Quote_Carrier_Form">
<kw name="Wait For Elements State" owner="Browser">
<msg time="2024-06-28T17:51:57.064255" level="INFO">Keyword 'Take Screenshot  fail-screenshot-{index}' could not be run on failure:
TimeoutError: page.screenshot: Timeout 10000ms exceeded.</msg>
<msg time="2024-06-28T17:51:57.064255" level="INFO">See also file:///D:/Softwares/Pycharm/RobotFramework/SR_Automation/SR_Automation/Regression%20Testing/results/playwright-log.txt for additional details.</msg>
<msg time="2024-06-28T17:51:57.064255" level="FAIL">TimeoutError: locator.waitFor: Timeout 10000ms exceeded.
Call log:
  [2m- waiting for locator('//div[@class="container wizard-nav-container"]/child::div[@class="step active"]//div[contains(text(),\'At-Bay\')]') to be visible[22m

Tip: Use "Set Browser Timeout" for increasing the timeout or double check your locator as the targeted element(s) couldn't be found.</msg>
<msg time="2024-06-28T17:51:57.064255" level="DEBUG">Traceback (most recent call last):
  File "C:\Users\Dell\AppData\Local\Programs\Python\Python312\Lib\site-packages\Browser\playwright.py", line 165, in grpc_channel
    yield playwright_pb2_grpc.PlaywrightStub(self._channel)
  File "C:\Users\Dell\AppData\Local\Programs\Python\Python312\Lib\site-packages\Browser\keywords\waiter.py", line 147, in _wait_for_elements_state
    response = stub.WaitForElementsState(
               ^^^^^^^^^^^^^^^^^^^^^^^^^^
  File "C:\Users\Dell\AppData\Local\Programs\Python\Python312\Lib\site-packages\grpc\_channel.py", line 1181, in __call__
    return _end_unary_response_blocking(state, call, False, None)
           ^^^^^^^^^^^^^^^^^^^^^^^^^^^^^^^^^^^^^^^^^^^^^^^^^^^^^^
  File "C:\Users\Dell\AppData\Local\Programs\Python\Python312\Lib\site-packages\grpc\_channel.py", line 1006, in _end_unary_response_blocking
    raise _InactiveRpcError(state)  # pytype: disable=not-instantiable
    ^^^^^^^^^^^^^^^^^^^^^^^^^^^^^^
grpc._channel._InactiveRpcError: &lt;_InactiveRpcError of RPC that terminated with:
	status = StatusCode.DEADLINE_EXCEEDED
	details = "TimeoutError: locator.waitFor: Timeout 10000ms exceeded.
Call log:
  [2m- waiting for locator('//div[@class="container wizard-nav-container"]/child::div[@class="step active"]//div[contains(text(),\'At-Bay\')]') to be visible[22m
"
	debug_error_string = "UNKNOWN:Error received from peer  {created_time:"2024-06-28T12:21:47.0228019+00:00", grpc_status:4, grpc_message:"TimeoutError: locator.waitFor: Timeout 10000ms exceeded.\nCall log:\n  \x1b[2m- waiting for locator(\'//div[@class=\"container wizard-nav-container\"]/child::div[@class=\"step active\"]//div[contains(text(),\\\'At-Bay\\\')]\') to be visible\x1b[22m\n"}"
&gt;

During handling of the above exception, another exception occurred:

Traceback (most recent call last):
  File "C:\Users\Dell\AppData\Local\Programs\Python\Python312\Lib\site-packages\Browser\browser.py", line 1179, in run_keyword
    raise e
  File "C:\Users\Dell\AppData\Local\Programs\Python\Python312\Lib\site-packages\Browser\browser.py", line 1168, in run_keyword
    return DynamicCore.run_keyword(self, name, args, kwargs)
           ^^^^^^^^^^^^^^^^^^^^^^^^^^^^^^^^^^^^^^^^^^^^^^^^^
  File "C:\Users\Dell\AppData\Local\Programs\Python\Python312\Lib\site-packages\robotlibcore.py", line 173, in run_keyword
    return self.keywords[name](*args, **(kwargs or {}))
           ^^^^^^^^^^^^^^^^^^^^^^^^^^^^^^^^^^^^^^^^^^^^
  File "C:\Users\Dell\AppData\Local\Programs\Python\Python312\Lib\site-packages\Browser\keywords\waiter.py", line 109, in wait_for_elements_state
    return self._wait_for_elements_state(
           ^^^^^^^^^^^^^^^^^^^^^^^^^^^^^^
  File "C:\Users\Dell\AppData\Local\Programs\Python\Python312\Lib\site-packages\Browser\keywords\waiter.py", line 142, in _wait_for_elements_state
    with self.playwright.grpc_channel() as stub:
  File "C:\Users\Dell\AppData\Local\Programs\Python\Python312\Lib\contextlib.py", line 158, in __exit__
    self.gen.throw(value)
  File "C:\Users\Dell\AppData\Local\Programs\Python\Python312\Lib\site-packages\Browser\playwright.py", line 169, in grpc_channel
    raise AssertionError(error.details())
AssertionError: TimeoutError: locator.waitFor: Timeout 10000ms exceeded.
Call log:
  [2m- waiting for locator('//div[@class="container wizard-nav-container"]/child::div[@class="step active"]//div[contains(text(),\'At-Bay\')]') to be visible[22m

Tip: Use "Set Browser Timeout" for increasing the timeout or double check your locator as the targeted element(s) couldn't be found.</msg>
<arg>${At_Bay_Form}</arg>
<tag>PageContent</tag>
<tag>Wait</tag>
<doc>Waits for the element found by ``selector`` to satisfy state option.</doc>
<status status="FAIL" start="2024-06-28T17:51:37.011295" elapsed="20.052960">TimeoutError: locator.waitFor: Timeout 10000ms exceeded.
Call log:
  [2m- waiting for locator('//div[@class="container wizard-nav-container"]/child::div[@class="step active"]//div[contains(text(),\'At-Bay\')]') to be visible[22m

Tip: Use "Set Browser Timeout" for increasing the timeout or double check your locator as the targeted element(s) couldn't be found.</status>
</kw>
<kw name="Focus" owner="Browser">
<arg>${At_Bay_Form}</arg>
<tag>PageContent</tag>
<tag>Setter</tag>
<doc>Moves focus on to the element found by ``selector``.</doc>
<status status="NOT RUN" start="2024-06-28T17:51:57.064255" elapsed="0.000000"/>
</kw>
<status status="FAIL" start="2024-06-28T17:51:37.011295" elapsed="20.052960">TimeoutError: locator.waitFor: Timeout 10000ms exceeded.
Call log:
  [2m- waiting for locator('//div[@class="container wizard-nav-container"]/child::div[@class="step active"]//div[contains(text(),\'At-Bay\')]') to be visible[22m

Tip: Use "Set Browser Timeout" for increasing the timeout or double check your locator as the targeted element(s) couldn't be found.</status>
</kw>
<kw name="Verify the Form Contains Additional Information Panel" owner="At-Bay_Quote_Carrier_Form">
<status status="NOT RUN" start="2024-06-28T17:51:57.064255" elapsed="0.000000"/>
</kw>
<status status="FAIL" start="2024-06-28T17:51:36.990726" elapsed="20.073529">TimeoutError: locator.waitFor: Timeout 10000ms exceeded.
Call log:
  [2m- waiting for locator('//div[@class="container wizard-nav-container"]/child::div[@class="step active"]//div[contains(text(),\'At-Bay\')]') to be visible[22m

Tip: Use "Set Browser Timeout" for increasing the timeout or double check your locator as the targeted element(s) couldn't be found.</status>
</kw>
<kw name="And Cyber_Resource.At-Bay_Quote_Form.Select &quot;Is the applicant engaged in any business activities related to adult content, cannabis, cryptocurrency or blockchain, debt collection, gambling, managed IT, or payment processing?&quot; As(Yes/No):" owner="Cyber_Resource">
<arg>Yes</arg>
<status status="NOT RUN" start="2024-06-28T17:51:57.064255" elapsed="0.000000"/>
</kw>
<kw name="And Cyber_Resource.At-Bay_Quote_Form.Select &quot;Please select all that apply:&quot; As:" owner="Cyber_Resource">
<arg>cryptocurrency</arg>
<status status="NOT RUN" start="2024-06-28T17:51:57.064255" elapsed="0.000000"/>
</kw>
<kw name="And Cyber_Resource.At-Bay_Quote_Form.Select &quot;Is the Applicant aware of any fact, circumstance, situation, event, or Wrongful Act which reasonably could give rise to a Cyber Event, Loss?&quot; As(Yes/No):" owner="Cyber_Resource">
<arg>Yes</arg>
<status status="NOT RUN" start="2024-06-28T17:51:57.064255" elapsed="0.000000"/>
</kw>
<kw name="And Cyber_Resource.At-Bay_Quote_Form.Provide &quot;Description of known fact, circumstance, situation, event, or Wrongful Act:&quot; As:" owner="Cyber_Resource">
<arg>Test</arg>
<status status="NOT RUN" start="2024-06-28T17:51:57.064255" elapsed="0.000000"/>
</kw>
<kw name="When SquareRiskPortal.Click on &quot;Next Button&quot; on the Form and verify data saved successfully Alert" owner="SquareRiskPortal">
<status status="NOT RUN" start="2024-06-28T17:51:57.064255" elapsed="0.000000"/>
</kw>
<kw name="Then Cyber_Resource.Cowbell_Quote_Form.Verify Cowbell Quote Carrier form loaded Successfully" owner="Cyber_Resource">
<status status="NOT RUN" start="2024-06-28T17:51:57.064255" elapsed="0.000000"/>
</kw>
<kw name="Given Cyber_Resource.Cowbell_Quote_Form.Provide Customer Email:" owner="Cyber_Resource">
<arg>${Email_Address}</arg>
<status status="NOT RUN" start="2024-06-28T17:51:57.064255" elapsed="0.000000"/>
</kw>
<kw name="And Cyber_Resource.Cowbell_Quote_Form.Provide Year Business Established:" owner="Cyber_Resource">
<arg>2005</arg>
<status status="NOT RUN" start="2024-06-28T17:51:57.064255" elapsed="0.000000"/>
</kw>
<kw name="And Cyber_Resource.Cowbell_Quote_Form.Select &quot;Does the policyholder agree to be the Designated Information Security Contact?&quot; As(Yes/No):" owner="Cyber_Resource">
<arg>No</arg>
<status status="NOT RUN" start="2024-06-28T17:51:57.064255" elapsed="0.000000"/>
</kw>
<kw name="And Cyber_Resource.Cowbell_Quote_Form.Select &quot;Does policyholder provide mandatory information security training to all employees at least annually?&quot; As(Yes/No):" owner="Cyber_Resource">
<arg>No</arg>
<status status="NOT RUN" start="2024-06-28T17:51:57.064255" elapsed="0.000000"/>
</kw>
<kw name="And Cyber_Resource.Cowbell_Quote_Form.Select &quot;Do policy holder employees authenticate funds transfer requests?&quot; As(Yes/No):" owner="Cyber_Resource">
<arg>No</arg>
<status status="NOT RUN" start="2024-06-28T17:51:57.064255" elapsed="0.000000"/>
</kw>
<kw name="And Cyber_Resource.Cowbell_Quote_Form.Select &quot;Do policy holder employees prevent unauthorized employees from initiating wire transfers?&quot; As(Yes/No):" owner="Cyber_Resource">
<arg>No</arg>
<status status="NOT RUN" start="2024-06-28T17:51:57.064255" elapsed="0.000000"/>
</kw>
<kw name="And Cyber_Resource.Cowbell_Quote_Form.Select &quot;Do policy holder employees verify vendor/supplier bank accounts before adding to accounts payable systems?&quot; As(Yes/No):" owner="Cyber_Resource">
<arg>No</arg>
<status status="NOT RUN" start="2024-06-28T17:51:57.064255" elapsed="0.000000"/>
</kw>
<kw name="When SquareRiskPortal.Click on &quot;Next Button&quot; on the Form and verify data saved successfully Alert" owner="SquareRiskPortal">
<status status="NOT RUN" start="2024-06-28T17:51:57.079880" elapsed="0.000000"/>
</kw>
<kw name="Then Cyber_Resource.Dual_Quote_Form.Verify Dual Quote Carrier form loaded Successfully" owner="Cyber_Resource">
<status status="NOT RUN" start="2024-06-28T17:51:57.079880" elapsed="0.000000"/>
</kw>
<kw name="And SquareRiskPortal.Click on &quot;Proceed To Quote&quot; Button and verify the page &quot;Bind Quote&quot; gets loaded" owner="SquareRiskPortal">
<status status="NOT RUN" start="2024-06-28T17:51:57.079880" elapsed="0.000000"/>
</kw>
<kw name="Then SquareRiskPortal.Wait until all quotes get fetched on Bind Quote Screen" owner="SquareRiskPortal">
<arg>Dual</arg>
<arg>Cowbell</arg>
<arg>At-Bay</arg>
<status status="NOT RUN" start="2024-06-28T17:51:57.079880" elapsed="0.000000"/>
</kw>
<kw name="And SquareRiskPortal.Click on the &quot;Continue To Bind&quot; Button" owner="SquareRiskPortal">
<arg>Dual</arg>
<status status="NOT RUN" start="2024-06-28T17:51:57.079880" elapsed="0.000000"/>
</kw>
<kw name="And SquareRiskPortal.Verify Signature Page Loaded" owner="SquareRiskPortal">
<status status="NOT RUN" start="2024-06-28T17:51:57.079880" elapsed="0.000000"/>
</kw>
<kw name="When SquareRiskPortal.Wait until the Signature PDF generated" owner="SquareRiskPortal">
<status status="NOT RUN" start="2024-06-28T17:51:57.079880" elapsed="0.000000"/>
</kw>
<kw name="Then SquareRiskPortal.Upload signed Signature PDF file by clicking on Browse File:" owner="SquareRiskPortal">
<arg>${Sameple_File_Location}</arg>
<status status="NOT RUN" start="2024-06-28T17:51:57.079880" elapsed="0.000000"/>
</kw>
<kw name="And SquareRiskPortal.Click on the &quot;Continue To Payment&quot; Button" owner="SquareRiskPortal">
<status status="NOT RUN" start="2024-06-28T17:51:57.079880" elapsed="0.000000"/>
</kw>
<kw name="Then SquareRiskPortal.Verify Payment Page Loaded Successfully" owner="SquareRiskPortal">
<status status="NOT RUN" start="2024-06-28T17:51:57.079880" elapsed="0.000000"/>
</kw>
<kw name="And SquareRiskPortal.Select Payment Type as &quot;SquareRisk Bill to Agent&quot;" owner="SquareRiskPortal">
<status status="NOT RUN" start="2024-06-28T17:51:57.079880" elapsed="0.000000"/>
</kw>
<kw name="And SquareRiskPortal.Select Payment Method: Credit Card" owner="SquareRiskPortal">
<status status="NOT RUN" start="2024-06-28T17:51:57.079880" elapsed="0.000000"/>
</kw>
<kw name="And SquareRiskPortal.Provide Credit Card Details" owner="SquareRiskPortal">
<arg>${Default_CreditCard_Number}</arg>
<arg>${Default_CreditCard_Expiration_Date}</arg>
<arg>${Default_CVC}</arg>
<status status="NOT RUN" start="2024-06-28T17:51:57.079880" elapsed="0.000000"/>
</kw>
<kw name="And SquareRiskPortal.Click on &quot;Process Bind Order&quot; Button and verify Download Policy Page Loaded" owner="SquareRiskPortal">
<status status="NOT RUN" start="2024-06-28T17:51:57.079880" elapsed="0.000000"/>
</kw>
<status status="FAIL" start="2024-06-28T17:49:40.407385" elapsed="136.672495">TimeoutError: locator.waitFor: Timeout 10000ms exceeded.
Call log:
  [2m- waiting for locator('//div[@class="container wizard-nav-container"]/child::div[@class="step active"]//div[contains(text(),\'At-Bay\')]') to be visible[22m

Tip: Use "Set Browser Timeout" for increasing the timeout or double check your locator as the targeted element(s) couldn't be found.</status>
</test>
<doc>Perform SR Testcases</doc>
<status status="FAIL" start="2024-06-28T17:49:38.181385" elapsed="139.047938"/>
</suite>
<statistics>
<total>
<stat pass="0" fail="1" skip="0">All Tests</stat>
</total>
<tag>
</tag>
<suite>
<stat pass="0" fail="1" skip="0" id="s1" name="Testcase">Testcase</stat>
</suite>
</statistics>
<errors>
</errors>
</robot>
